CRITICAL - 2022-05-05 17:45:40 --> syntax error, unexpected token "}", expecting "," or ";"
#0 C:\xampp\htdocs\trabajoFinal\system\Autoloader\Autoloader.php(241): CodeIgniter\Autoloader\Autoloader->includeFile('C:\\xampp\\htdocs...')
#1 C:\xampp\htdocs\trabajoFinal\system\Autoloader\Autoloader.php(219): CodeIgniter\Autoloader\Autoloader->loadInNamespace('App\\Controllers...')
#2 [internal function]: CodeIgniter\Autoloader\Autoloader->loadClass('App\\Controllers...')
#3 C:\xampp\htdocs\trabajoFinal\system\CodeIgniter.php(797): class_exists('\\App\\Controller...', true)
#4 C:\xampp\htdocs\trabajoFinal\system\CodeIgniter.php(406): CodeIgniter\CodeIgniter->startController()
#5 C:\xampp\htdocs\trabajoFinal\system\CodeIgniter.php(326): CodeIgniter\CodeIgniter->handleRequest(NULL, Object(Config\Cache), false)
#6 C:\xampp\htdocs\trabajoFinal\public\index.php(37): CodeIgniter\CodeIgniter->run()
#7 {main}
CRITICAL - 2022-05-05 18:09:27 --> Undefined property: stdClass::$nombre
#0 C:\xampp\htdocs\trabajoFinal\app\Controllers\Usuarios.php(23): CodeIgniter\Debug\Exceptions->errorHandler(2, 'Undefined prope...', 'C:\\xampp\\htdocs...', 23)
#1 C:\xampp\htdocs\trabajoFinal\system\CodeIgniter.php(832): App\Controllers\Usuarios->iniciarSesion()
#2 C:\xampp\htdocs\trabajoFinal\system\CodeIgniter.php(419): CodeIgniter\CodeIgniter->runController(Object(App\Controllers\Usuarios))
#3 C:\xampp\htdocs\trabajoFinal\system\CodeIgniter.php(326): CodeIgniter\CodeIgniter->handleRequest(NULL, Object(Config\Cache), false)
#4 C:\xampp\htdocs\trabajoFinal\public\index.php(37): CodeIgniter\CodeIgniter->run()
#5 {main}
CRITICAL - 2022-05-05 18:16:13 --> Attempt to read property "tipousuario_id" on string
#0 C:\xampp\htdocs\trabajoFinal\app\Controllers\Usuarios.php(28): CodeIgniter\Debug\Exceptions->errorHandler(2, 'Attempt to read...', 'C:\\xampp\\htdocs...', 28)
#1 C:\xampp\htdocs\trabajoFinal\system\CodeIgniter.php(832): App\Controllers\Usuarios->iniciarSesion()
#2 C:\xampp\htdocs\trabajoFinal\system\CodeIgniter.php(419): CodeIgniter\CodeIgniter->runController(Object(App\Controllers\Usuarios))
#3 C:\xampp\htdocs\trabajoFinal\system\CodeIgniter.php(326): CodeIgniter\CodeIgniter->handleRequest(NULL, Object(Config\Cache), false)
#4 C:\xampp\htdocs\trabajoFinal\public\index.php(37): CodeIgniter\CodeIgniter->run()
#5 {main}
CRITICAL - 2022-05-05 18:33:30 --> Attempt to read property "tipousuario_id" on string
#0 C:\xampp\htdocs\trabajoFinal\app\Controllers\Usuarios.php(27): CodeIgniter\Debug\Exceptions->errorHandler(2, 'Attempt to read...', 'C:\\xampp\\htdocs...', 27)
#1 C:\xampp\htdocs\trabajoFinal\system\CodeIgniter.php(832): App\Controllers\Usuarios->iniciarSesion()
#2 C:\xampp\htdocs\trabajoFinal\system\CodeIgniter.php(419): CodeIgniter\CodeIgniter->runController(Object(App\Controllers\Usuarios))
#3 C:\xampp\htdocs\trabajoFinal\system\CodeIgniter.php(326): CodeIgniter\CodeIgniter->handleRequest(NULL, Object(Config\Cache), false)
#4 C:\xampp\htdocs\trabajoFinal\public\index.php(37): CodeIgniter\CodeIgniter->run()
#5 {main}
CRITICAL - 2022-05-05 18:51:01 --> Attempt to read property "tipousuario_id" on string
#0 C:\xampp\htdocs\trabajoFinal\app\Controllers\Usuarios.php(27): CodeIgniter\Debug\Exceptions->errorHandler(2, 'Attempt to read...', 'C:\\xampp\\htdocs...', 27)
#1 C:\xampp\htdocs\trabajoFinal\system\CodeIgniter.php(832): App\Controllers\Usuarios->iniciarSesion()
#2 C:\xampp\htdocs\trabajoFinal\system\CodeIgniter.php(419): CodeIgniter\CodeIgniter->runController(Object(App\Controllers\Usuarios))
#3 C:\xampp\htdocs\trabajoFinal\system\CodeIgniter.php(326): CodeIgniter\CodeIgniter->handleRequest(NULL, Object(Config\Cache), false)
#4 C:\xampp\htdocs\trabajoFinal\public\index.php(37): CodeIgniter\CodeIgniter->run()
#5 {main}
CRITICAL - 2022-05-05 19:27:53 --> Invalid file: administrador.php
#0 C:\xampp\htdocs\trabajoFinal\system\View\View.php(198): CodeIgniter\Exceptions\FrameworkException::forInvalidFile('administrador.p...')
#1 C:\xampp\htdocs\trabajoFinal\system\Common.php(1089): CodeIgniter\View\View->render('administrador', Array, true)
#2 C:\xampp\htdocs\trabajoFinal\app\Controllers\Usuarios.php(28): view('administrador')
#3 C:\xampp\htdocs\trabajoFinal\system\CodeIgniter.php(832): App\Controllers\Usuarios->iniciarSesion()
#4 C:\xampp\htdocs\trabajoFinal\system\CodeIgniter.php(419): CodeIgniter\CodeIgniter->runController(Object(App\Controllers\Usuarios))
#5 C:\xampp\htdocs\trabajoFinal\system\CodeIgniter.php(326): CodeIgniter\CodeIgniter->handleRequest(NULL, Object(Config\Cache), false)
#6 C:\xampp\htdocs\trabajoFinal\public\index.php(37): CodeIgniter\CodeIgniter->run()
#7 {main}
CRITICAL - 2022-05-05 19:28:18 --> Invalid file: administrador/administrador.php
#0 C:\xampp\htdocs\trabajoFinal\system\View\View.php(198): CodeIgniter\Exceptions\FrameworkException::forInvalidFile('administrador/a...')
#1 C:\xampp\htdocs\trabajoFinal\system\Common.php(1089): CodeIgniter\View\View->render('administrador/a...', Array, true)
#2 C:\xampp\htdocs\trabajoFinal\app\Controllers\Usuarios.php(28): view('administrador/a...')
#3 C:\xampp\htdocs\trabajoFinal\system\CodeIgniter.php(832): App\Controllers\Usuarios->iniciarSesion()
#4 C:\xampp\htdocs\trabajoFinal\system\CodeIgniter.php(419): CodeIgniter\CodeIgniter->runController(Object(App\Controllers\Usuarios))
#5 C:\xampp\htdocs\trabajoFinal\system\CodeIgniter.php(326): CodeIgniter\CodeIgniter->handleRequest(NULL, Object(Config\Cache), false)
#6 C:\xampp\htdocs\trabajoFinal\public\index.php(37): CodeIgniter\CodeIgniter->run()
#7 {main}
CRITICAL - 2022-05-05 19:28:26 --> Invalid file: administrador/administrador.php
#0 C:\xampp\htdocs\trabajoFinal\system\View\View.php(198): CodeIgniter\Exceptions\FrameworkException::forInvalidFile('administrador/a...')
#1 C:\xampp\htdocs\trabajoFinal\system\Common.php(1089): CodeIgniter\View\View->render('administrador/a...', Array, true)
#2 C:\xampp\htdocs\trabajoFinal\app\Controllers\Usuarios.php(28): view('administrador/a...')
#3 C:\xampp\htdocs\trabajoFinal\system\CodeIgniter.php(832): App\Controllers\Usuarios->iniciarSesion()
#4 C:\xampp\htdocs\trabajoFinal\system\CodeIgniter.php(419): CodeIgniter\CodeIgniter->runController(Object(App\Controllers\Usuarios))
#5 C:\xampp\htdocs\trabajoFinal\system\CodeIgniter.php(326): CodeIgniter\CodeIgniter->handleRequest(NULL, Object(Config\Cache), false)
#6 C:\xampp\htdocs\trabajoFinal\public\index.php(37): CodeIgniter\CodeIgniter->run()
#7 {main}
CRITICAL - 2022-05-05 19:29:36 --> Invalid file: administradores/administrador.php
#0 C:\xampp\htdocs\trabajoFinal\system\View\View.php(198): CodeIgniter\Exceptions\FrameworkException::forInvalidFile('administradores...')
#1 C:\xampp\htdocs\trabajoFinal\system\Common.php(1089): CodeIgniter\View\View->render('administradores...', Array, true)
#2 C:\xampp\htdocs\trabajoFinal\app\Controllers\Usuarios.php(28): view('administradores...')
#3 C:\xampp\htdocs\trabajoFinal\system\CodeIgniter.php(832): App\Controllers\Usuarios->iniciarSesion()
#4 C:\xampp\htdocs\trabajoFinal\system\CodeIgniter.php(419): CodeIgniter\CodeIgniter->runController(Object(App\Controllers\Usuarios))
#5 C:\xampp\htdocs\trabajoFinal\system\CodeIgniter.php(326): CodeIgniter\CodeIgniter->handleRequest(NULL, Object(Config\Cache), false)
#6 C:\xampp\htdocs\trabajoFinal\public\index.php(37): CodeIgniter\CodeIgniter->run()
#7 {main}
CRITICAL - 2022-05-05 19:36:15 --> syntax error, unexpected identifier "inicio", expecting variable
#0 C:\xampp\htdocs\trabajoFinal\system\Autoloader\Autoloader.php(241): CodeIgniter\Autoloader\Autoloader->includeFile('C:\\xampp\\htdocs...')
#1 C:\xampp\htdocs\trabajoFinal\system\Autoloader\Autoloader.php(219): CodeIgniter\Autoloader\Autoloader->loadInNamespace('App\\Controllers...')
#2 [internal function]: CodeIgniter\Autoloader\Autoloader->loadClass('App\\Controllers...')
#3 C:\xampp\htdocs\trabajoFinal\system\CodeIgniter.php(797): class_exists('\\App\\Controller...', true)
#4 C:\xampp\htdocs\trabajoFinal\system\CodeIgniter.php(406): CodeIgniter\CodeIgniter->startController()
#5 C:\xampp\htdocs\trabajoFinal\system\CodeIgniter.php(326): CodeIgniter\CodeIgniter->handleRequest(NULL, Object(Config\Cache), false)
#6 C:\xampp\htdocs\trabajoFinal\public\index.php(37): CodeIgniter\CodeIgniter->run()
#7 {main}
CRITICAL - 2022-05-05 22:04:55 --> Undefined variable $misAutores
#0 C:\xampp\htdocs\trabajoFinal\app\Views\tablas\usuarios\usuarios.php(31): CodeIgniter\Debug\Exceptions->errorHandler(2, 'Undefined varia...', 'C:\\xampp\\htdocs...', 31)
#1 C:\xampp\htdocs\trabajoFinal\system\View\View.php(210): include('C:\\xampp\\htdocs...')
#2 C:\xampp\htdocs\trabajoFinal\system\View\View.php(213): CodeIgniter\View\View->CodeIgniter\View\{closure}()
#3 C:\xampp\htdocs\trabajoFinal\system\Common.php(1089): CodeIgniter\View\View->render('tablas/usuarios...', Array, true)
#4 C:\xampp\htdocs\trabajoFinal\app\Controllers\Home.php(13): view('tablas/usuarios...')
#5 C:\xampp\htdocs\trabajoFinal\system\CodeIgniter.php(832): App\Controllers\Home->tablaUsuarios()
#6 C:\xampp\htdocs\trabajoFinal\system\CodeIgniter.php(419): CodeIgniter\CodeIgniter->runController(Object(App\Controllers\Home))
#7 C:\xampp\htdocs\trabajoFinal\system\CodeIgniter.php(326): CodeIgniter\CodeIgniter->handleRequest(NULL, Object(Config\Cache), false)
#8 C:\xampp\htdocs\trabajoFinal\public\index.php(37): CodeIgniter\CodeIgniter->run()
#9 {main}
CRITICAL - 2022-05-05 22:16:08 --> Undefined variable $misUsuarios
#0 C:\xampp\htdocs\trabajoFinal\app\Views\tablas\usuarios\usuarios.php(33): CodeIgniter\Debug\Exceptions->errorHandler(2, 'Undefined varia...', 'C:\\xampp\\htdocs...', 33)
#1 C:\xampp\htdocs\trabajoFinal\system\View\View.php(210): include('C:\\xampp\\htdocs...')
#2 C:\xampp\htdocs\trabajoFinal\system\View\View.php(213): CodeIgniter\View\View->CodeIgniter\View\{closure}()
#3 C:\xampp\htdocs\trabajoFinal\system\Common.php(1089): CodeIgniter\View\View->render('tablas/usuarios...', Array, true)
#4 C:\xampp\htdocs\trabajoFinal\app\Controllers\Home.php(13): view('tablas/usuarios...')
#5 C:\xampp\htdocs\trabajoFinal\system\CodeIgniter.php(832): App\Controllers\Home->tablaUsuarios()
#6 C:\xampp\htdocs\trabajoFinal\system\CodeIgniter.php(419): CodeIgniter\CodeIgniter->runController(Object(App\Controllers\Home))
#7 C:\xampp\htdocs\trabajoFinal\system\CodeIgniter.php(326): CodeIgniter\CodeIgniter->handleRequest(NULL, Object(Config\Cache), false)
#8 C:\xampp\htdocs\trabajoFinal\public\index.php(37): CodeIgniter\CodeIgniter->run()
#9 {main}
CRITICAL - 2022-05-05 22:58:57 --> Undefined variable $misUsuarios
#0 C:\xampp\htdocs\trabajoFinal\app\Views\tablas\usuarios\usuarios.php(35): CodeIgniter\Debug\Exceptions->errorHandler(2, 'Undefined varia...', 'C:\\xampp\\htdocs...', 35)
#1 C:\xampp\htdocs\trabajoFinal\system\View\View.php(210): include('C:\\xampp\\htdocs...')
#2 C:\xampp\htdocs\trabajoFinal\system\View\View.php(213): CodeIgniter\View\View->CodeIgniter\View\{closure}()
#3 C:\xampp\htdocs\trabajoFinal\system\Common.php(1089): CodeIgniter\View\View->render('tablas/usuarios...', Array, true)
#4 C:\xampp\htdocs\trabajoFinal\app\Controllers\Usuarios.php(74): view('tablas/usuarios...')
#5 C:\xampp\htdocs\trabajoFinal\system\CodeIgniter.php(832): App\Controllers\Usuarios->agregarUsuario()
#6 C:\xampp\htdocs\trabajoFinal\system\CodeIgniter.php(419): CodeIgniter\CodeIgniter->runController(Object(App\Controllers\Usuarios))
#7 C:\xampp\htdocs\trabajoFinal\system\CodeIgniter.php(326): CodeIgniter\CodeIgniter->handleRequest(NULL, Object(Config\Cache), false)
#8 C:\xampp\htdocs\trabajoFinal\public\index.php(37): CodeIgniter\CodeIgniter->run()
#9 {main}
ERROR - 2022-05-05 23:00:52 --> Duplicate entry '1010403910608' for key 'PRIMARY'
CRITICAL - 2022-05-05 23:00:52 --> Undefined variable $misUsuarios
#0 C:\xampp\htdocs\trabajoFinal\app\Views\tablas\usuarios\usuarios.php(35): CodeIgniter\Debug\Exceptions->errorHandler(2, 'Undefined varia...', 'C:\\xampp\\htdocs...', 35)
#1 C:\xampp\htdocs\trabajoFinal\system\View\View.php(210): include('C:\\xampp\\htdocs...')
#2 C:\xampp\htdocs\trabajoFinal\system\View\View.php(213): CodeIgniter\View\View->CodeIgniter\View\{closure}()
#3 C:\xampp\htdocs\trabajoFinal\system\Common.php(1089): CodeIgniter\View\View->render('tablas/usuarios...', Array, true)
#4 C:\xampp\htdocs\trabajoFinal\app\Controllers\Usuarios.php(74): view('tablas/usuarios...')
#5 C:\xampp\htdocs\trabajoFinal\system\CodeIgniter.php(832): App\Controllers\Usuarios->agregarUsuario()
#6 C:\xampp\htdocs\trabajoFinal\system\CodeIgniter.php(419): CodeIgniter\CodeIgniter->runController(Object(App\Controllers\Usuarios))
#7 C:\xampp\htdocs\trabajoFinal\system\CodeIgniter.php(326): CodeIgniter\CodeIgniter->handleRequest(NULL, Object(Config\Cache), false)
#8 C:\xampp\htdocs\trabajoFinal\public\index.php(37): CodeIgniter\CodeIgniter->run()
#9 {main}
ERROR - 2022-05-05 23:03:00 --> Duplicate entry '1010403910608' for key 'PRIMARY'
CRITICAL - 2022-05-05 23:03:00 --> Undefined variable $misUsuarios
#0 C:\xampp\htdocs\trabajoFinal\app\Views\tablas\usuarios\usuarios.php(35): CodeIgniter\Debug\Exceptions->errorHandler(2, 'Undefined varia...', 'C:\\xampp\\htdocs...', 35)
#1 C:\xampp\htdocs\trabajoFinal\system\View\View.php(210): include('C:\\xampp\\htdocs...')
#2 C:\xampp\htdocs\trabajoFinal\system\View\View.php(213): CodeIgniter\View\View->CodeIgniter\View\{closure}()
#3 C:\xampp\htdocs\trabajoFinal\system\Common.php(1089): CodeIgniter\View\View->render('tablas/usuarios...', Array, true)
#4 C:\xampp\htdocs\trabajoFinal\app\Controllers\Usuarios.php(74): view('tablas/usuarios...')
#5 C:\xampp\htdocs\trabajoFinal\system\CodeIgniter.php(832): App\Controllers\Usuarios->agregarUsuario()
#6 C:\xampp\htdocs\trabajoFinal\system\CodeIgniter.php(419): CodeIgniter\CodeIgniter->runController(Object(App\Controllers\Usuarios))
#7 C:\xampp\htdocs\trabajoFinal\system\CodeIgniter.php(326): CodeIgniter\CodeIgniter->handleRequest(NULL, Object(Config\Cache), false)
#8 C:\xampp\htdocs\trabajoFinal\public\index.php(37): CodeIgniter\CodeIgniter->run()
#9 {main}
ERROR - 2022-05-05 23:19:15 --> Duplicate entry '1010403910608' for key 'PRIMARY'
CRITICAL - 2022-05-05 23:19:15 --> Undefined variable $misUsuarios
#0 C:\xampp\htdocs\trabajoFinal\app\Views\tablas\usuarios\usuarios.php(35): CodeIgniter\Debug\Exceptions->errorHandler(2, 'Undefined varia...', 'C:\\xampp\\htdocs...', 35)
#1 C:\xampp\htdocs\trabajoFinal\system\View\View.php(210): include('C:\\xampp\\htdocs...')
#2 C:\xampp\htdocs\trabajoFinal\system\View\View.php(213): CodeIgniter\View\View->CodeIgniter\View\{closure}()
#3 C:\xampp\htdocs\trabajoFinal\system\Common.php(1089): CodeIgniter\View\View->render('tablas/usuarios...', Array, true)
#4 C:\xampp\htdocs\trabajoFinal\app\Controllers\Usuarios.php(74): view('tablas/usuarios...')
#5 C:\xampp\htdocs\trabajoFinal\system\CodeIgniter.php(832): App\Controllers\Usuarios->agregarUsuario()
#6 C:\xampp\htdocs\trabajoFinal\system\CodeIgniter.php(419): CodeIgniter\CodeIgniter->runController(Object(App\Controllers\Usuarios))
#7 C:\xampp\htdocs\trabajoFinal\system\CodeIgniter.php(326): CodeIgniter\CodeIgniter->handleRequest(NULL, Object(Config\Cache), false)
#8 C:\xampp\htdocs\trabajoFinal\public\index.php(37): CodeIgniter\CodeIgniter->run()
#9 {main}
ERROR - 2022-05-05 23:20:00 --> Duplicate entry '1010403910608' for key 'PRIMARY'
CRITICAL - 2022-05-05 23:20:00 --> Undefined variable $misUsuarios
#0 C:\xampp\htdocs\trabajoFinal\app\Views\tablas\usuarios\usuarios.php(35): CodeIgniter\Debug\Exceptions->errorHandler(2, 'Undefined varia...', 'C:\\xampp\\htdocs...', 35)
#1 C:\xampp\htdocs\trabajoFinal\system\View\View.php(210): include('C:\\xampp\\htdocs...')
#2 C:\xampp\htdocs\trabajoFinal\system\View\View.php(213): CodeIgniter\View\View->CodeIgniter\View\{closure}()
#3 C:\xampp\htdocs\trabajoFinal\system\Common.php(1089): CodeIgniter\View\View->render('tablas/usuarios...', Array, true)
#4 C:\xampp\htdocs\trabajoFinal\app\Controllers\Usuarios.php(74): view('tablas/usuarios...')
#5 C:\xampp\htdocs\trabajoFinal\system\CodeIgniter.php(832): App\Controllers\Usuarios->agregarUsuario()
#6 C:\xampp\htdocs\trabajoFinal\system\CodeIgniter.php(419): CodeIgniter\CodeIgniter->runController(Object(App\Controllers\Usuarios))
#7 C:\xampp\htdocs\trabajoFinal\system\CodeIgniter.php(326): CodeIgniter\CodeIgniter->handleRequest(NULL, Object(Config\Cache), false)
#8 C:\xampp\htdocs\trabajoFinal\public\index.php(37): CodeIgniter\CodeIgniter->run()
#9 {main}
CRITICAL - 2022-05-05 23:24:26 --> Undefined variable $misUsuarios
#0 C:\xampp\htdocs\trabajoFinal\app\Views\tablas\usuarios\usuarios.php(35): CodeIgniter\Debug\Exceptions->errorHandler(2, 'Undefined varia...', 'C:\\xampp\\htdocs...', 35)
#1 C:\xampp\htdocs\trabajoFinal\system\View\View.php(210): include('C:\\xampp\\htdocs...')
#2 C:\xampp\htdocs\trabajoFinal\system\View\View.php(213): CodeIgniter\View\View->CodeIgniter\View\{closure}()
#3 C:\xampp\htdocs\trabajoFinal\system\Common.php(1089): CodeIgniter\View\View->render('tablas/usuarios...', Array, true)
#4 C:\xampp\htdocs\trabajoFinal\app\Controllers\Usuarios.php(51): view('tablas/usuarios...')
#5 C:\xampp\htdocs\trabajoFinal\system\CodeIgniter.php(832): App\Controllers\Usuarios->eliminarUsuario('1010403910608')
#6 C:\xampp\htdocs\trabajoFinal\system\CodeIgniter.php(419): CodeIgniter\CodeIgniter->runController(Object(App\Controllers\Usuarios))
#7 C:\xampp\htdocs\trabajoFinal\system\CodeIgniter.php(326): CodeIgniter\CodeIgniter->handleRequest(NULL, Object(Config\Cache), false)
#8 C:\xampp\htdocs\trabajoFinal\public\index.php(37): CodeIgniter\CodeIgniter->run()
#9 {main}
CRITICAL - 2022-05-05 23:25:08 --> Undefined variable $misUsuarios
#0 C:\xampp\htdocs\trabajoFinal\app\Views\tablas\usuarios\usuarios.php(35): CodeIgniter\Debug\Exceptions->errorHandler(2, 'Undefined varia...', 'C:\\xampp\\htdocs...', 35)
#1 C:\xampp\htdocs\trabajoFinal\system\View\View.php(210): include('C:\\xampp\\htdocs...')
#2 C:\xampp\htdocs\trabajoFinal\system\View\View.php(213): CodeIgniter\View\View->CodeIgniter\View\{closure}()
#3 C:\xampp\htdocs\trabajoFinal\system\Common.php(1089): CodeIgniter\View\View->render('tablas/usuarios...', Array, true)
#4 C:\xampp\htdocs\trabajoFinal\app\Controllers\Usuarios.php(74): view('tablas/usuarios...')
#5 C:\xampp\htdocs\trabajoFinal\system\CodeIgniter.php(832): App\Controllers\Usuarios->agregarUsuario()
#6 C:\xampp\htdocs\trabajoFinal\system\CodeIgniter.php(419): CodeIgniter\CodeIgniter->runController(Object(App\Controllers\Usuarios))
#7 C:\xampp\htdocs\trabajoFinal\system\CodeIgniter.php(326): CodeIgniter\CodeIgniter->handleRequest(NULL, Object(Config\Cache), false)
#8 C:\xampp\htdocs\trabajoFinal\public\index.php(37): CodeIgniter\CodeIgniter->run()
#9 {main}
