CRITICAL - 2022-05-09 11:14:56 --> Undefined variable $misEstudiantes
#0 C:\xampp\htdocs\trabajoFinal\app\Views\tablas\usuarios\formActualizarUsuario.php(25): CodeIgniter\Debug\Exceptions->errorHandler(2, 'Undefined varia...', 'C:\\xampp\\htdocs...', 25)
#1 C:\xampp\htdocs\trabajoFinal\system\View\View.php(210): include('C:\\xampp\\htdocs...')
#2 C:\xampp\htdocs\trabajoFinal\system\View\View.php(213): CodeIgniter\View\View->CodeIgniter\View\{closure}()
#3 C:\xampp\htdocs\trabajoFinal\system\Common.php(1089): CodeIgniter\View\View->render('tablas/usuarios...', Array, true)
#4 C:\xampp\htdocs\trabajoFinal\app\Controllers\Usuarios.php(80): view('tablas/usuarios...', Array)
#5 C:\xampp\htdocs\trabajoFinal\system\CodeIgniter.php(832): App\Controllers\Usuarios->formularioActualizarUsuario('1005309671217')
#6 C:\xampp\htdocs\trabajoFinal\system\CodeIgniter.php(419): CodeIgniter\CodeIgniter->runController(Object(App\Controllers\Usuarios))
#7 C:\xampp\htdocs\trabajoFinal\system\CodeIgniter.php(326): CodeIgniter\CodeIgniter->handleRequest(NULL, Object(Config\Cache), false)
#8 C:\xampp\htdocs\trabajoFinal\public\index.php(37): CodeIgniter\CodeIgniter->run()
#9 {main}
ERROR - 2022-05-09 11:15:10 --> Duplicate entry '1005309671217' for key 'PRIMARY'
CRITICAL - 2022-05-09 11:52:40 --> syntax error, unexpected end of file
#0 C:\xampp\htdocs\trabajoFinal\system\CodeIgniter.php(368): CodeIgniter\CodeIgniter->tryToRouteIt(NULL)
#1 C:\xampp\htdocs\trabajoFinal\system\CodeIgniter.php(326): CodeIgniter\CodeIgniter->handleRequest(NULL, Object(Config\Cache), false)
#2 C:\xampp\htdocs\trabajoFinal\public\index.php(37): CodeIgniter\CodeIgniter->run()
#3 {main}
CRITICAL - 2022-05-09 11:52:42 --> syntax error, unexpected end of file
#0 C:\xampp\htdocs\trabajoFinal\system\CodeIgniter.php(368): CodeIgniter\CodeIgniter->tryToRouteIt(NULL)
#1 C:\xampp\htdocs\trabajoFinal\system\CodeIgniter.php(326): CodeIgniter\CodeIgniter->handleRequest(NULL, Object(Config\Cache), false)
#2 C:\xampp\htdocs\trabajoFinal\public\index.php(37): CodeIgniter\CodeIgniter->run()
#3 {main}
CRITICAL - 2022-05-09 11:52:45 --> syntax error, unexpected end of file
#0 C:\xampp\htdocs\trabajoFinal\system\CodeIgniter.php(368): CodeIgniter\CodeIgniter->tryToRouteIt(NULL)
#1 C:\xampp\htdocs\trabajoFinal\system\CodeIgniter.php(326): CodeIgniter\CodeIgniter->handleRequest(NULL, Object(Config\Cache), false)
#2 C:\xampp\htdocs\trabajoFinal\public\index.php(37): CodeIgniter\CodeIgniter->run()
#3 {main}
CRITICAL - 2022-05-09 11:52:47 --> syntax error, unexpected end of file
#0 C:\xampp\htdocs\trabajoFinal\system\CodeIgniter.php(368): CodeIgniter\CodeIgniter->tryToRouteIt(NULL)
#1 C:\xampp\htdocs\trabajoFinal\system\CodeIgniter.php(326): CodeIgniter\CodeIgniter->handleRequest(NULL, Object(Config\Cache), false)
#2 C:\xampp\htdocs\trabajoFinal\public\index.php(37): CodeIgniter\CodeIgniter->run()
#3 {main}
CRITICAL - 2022-05-09 11:52:48 --> syntax error, unexpected end of file
#0 C:\xampp\htdocs\trabajoFinal\system\CodeIgniter.php(368): CodeIgniter\CodeIgniter->tryToRouteIt(NULL)
#1 C:\xampp\htdocs\trabajoFinal\system\CodeIgniter.php(326): CodeIgniter\CodeIgniter->handleRequest(NULL, Object(Config\Cache), false)
#2 C:\xampp\htdocs\trabajoFinal\public\index.php(37): CodeIgniter\CodeIgniter->run()
#3 {main}
CRITICAL - 2022-05-09 11:52:49 --> syntax error, unexpected end of file
#0 C:\xampp\htdocs\trabajoFinal\system\CodeIgniter.php(368): CodeIgniter\CodeIgniter->tryToRouteIt(NULL)
#1 C:\xampp\htdocs\trabajoFinal\system\CodeIgniter.php(326): CodeIgniter\CodeIgniter->handleRequest(NULL, Object(Config\Cache), false)
#2 C:\xampp\htdocs\trabajoFinal\public\index.php(37): CodeIgniter\CodeIgniter->run()
#3 {main}
CRITICAL - 2022-05-09 11:52:53 --> syntax error, unexpected end of file
#0 C:\xampp\htdocs\trabajoFinal\system\CodeIgniter.php(368): CodeIgniter\CodeIgniter->tryToRouteIt(NULL)
#1 C:\xampp\htdocs\trabajoFinal\system\CodeIgniter.php(326): CodeIgniter\CodeIgniter->handleRequest(NULL, Object(Config\Cache), false)
#2 C:\xampp\htdocs\trabajoFinal\public\index.php(37): CodeIgniter\CodeIgniter->run()
#3 {main}
CRITICAL - 2022-05-09 11:52:59 --> syntax error, unexpected end of file
#0 C:\xampp\htdocs\trabajoFinal\system\CodeIgniter.php(368): CodeIgniter\CodeIgniter->tryToRouteIt(NULL)
#1 C:\xampp\htdocs\trabajoFinal\system\CodeIgniter.php(326): CodeIgniter\CodeIgniter->handleRequest(NULL, Object(Config\Cache), false)
#2 C:\xampp\htdocs\trabajoFinal\public\index.php(37): CodeIgniter\CodeIgniter->run()
#3 {main}
CRITICAL - 2022-05-09 11:55:25 --> Unclosed '{' on line 6
#0 C:\xampp\htdocs\trabajoFinal\system\Autoloader\Autoloader.php(241): CodeIgniter\Autoloader\Autoloader->includeFile('C:\\xampp\\htdocs...')
#1 C:\xampp\htdocs\trabajoFinal\system\Autoloader\Autoloader.php(219): CodeIgniter\Autoloader\Autoloader->loadInNamespace('App\\Controllers...')
#2 [internal function]: CodeIgniter\Autoloader\Autoloader->loadClass('App\\Controllers...')
#3 C:\xampp\htdocs\trabajoFinal\system\CodeIgniter.php(797): class_exists('\\App\\Controller...', true)
#4 C:\xampp\htdocs\trabajoFinal\system\CodeIgniter.php(406): CodeIgniter\CodeIgniter->startController()
#5 C:\xampp\htdocs\trabajoFinal\system\CodeIgniter.php(326): CodeIgniter\CodeIgniter->handleRequest(NULL, Object(Config\Cache), false)
#6 C:\xampp\htdocs\trabajoFinal\public\index.php(37): CodeIgniter\CodeIgniter->run()
#7 {main}
CRITICAL - 2022-05-09 11:56:47 --> Unclosed '{' on line 6
#0 C:\xampp\htdocs\trabajoFinal\system\Autoloader\Autoloader.php(241): CodeIgniter\Autoloader\Autoloader->includeFile('C:\\xampp\\htdocs...')
#1 C:\xampp\htdocs\trabajoFinal\system\Autoloader\Autoloader.php(219): CodeIgniter\Autoloader\Autoloader->loadInNamespace('App\\Controllers...')
#2 [internal function]: CodeIgniter\Autoloader\Autoloader->loadClass('App\\Controllers...')
#3 C:\xampp\htdocs\trabajoFinal\system\CodeIgniter.php(797): class_exists('\\App\\Controller...', true)
#4 C:\xampp\htdocs\trabajoFinal\system\CodeIgniter.php(406): CodeIgniter\CodeIgniter->startController()
#5 C:\xampp\htdocs\trabajoFinal\system\CodeIgniter.php(326): CodeIgniter\CodeIgniter->handleRequest(NULL, Object(Config\Cache), false)
#6 C:\xampp\htdocs\trabajoFinal\public\index.php(37): CodeIgniter\CodeIgniter->run()
#7 {main}
CRITICAL - 2022-05-09 12:01:05 --> Unclosed '{' on line 6
#0 C:\xampp\htdocs\trabajoFinal\system\Autoloader\Autoloader.php(241): CodeIgniter\Autoloader\Autoloader->includeFile('C:\\xampp\\htdocs...')
#1 C:\xampp\htdocs\trabajoFinal\system\Autoloader\Autoloader.php(219): CodeIgniter\Autoloader\Autoloader->loadInNamespace('App\\Controllers...')
#2 [internal function]: CodeIgniter\Autoloader\Autoloader->loadClass('App\\Controllers...')
#3 C:\xampp\htdocs\trabajoFinal\system\CodeIgniter.php(797): class_exists('\\App\\Controller...', true)
#4 C:\xampp\htdocs\trabajoFinal\system\CodeIgniter.php(406): CodeIgniter\CodeIgniter->startController()
#5 C:\xampp\htdocs\trabajoFinal\system\CodeIgniter.php(326): CodeIgniter\CodeIgniter->handleRequest(NULL, Object(Config\Cache), false)
#6 C:\xampp\htdocs\trabajoFinal\public\index.php(37): CodeIgniter\CodeIgniter->run()
#7 {main}
CRITICAL - 2022-05-09 12:03:25 --> Unclosed '{' on line 6
#0 C:\xampp\htdocs\trabajoFinal\system\Autoloader\Autoloader.php(241): CodeIgniter\Autoloader\Autoloader->includeFile('C:\\xampp\\htdocs...')
#1 C:\xampp\htdocs\trabajoFinal\system\Autoloader\Autoloader.php(219): CodeIgniter\Autoloader\Autoloader->loadInNamespace('App\\Controllers...')
#2 [internal function]: CodeIgniter\Autoloader\Autoloader->loadClass('App\\Controllers...')
#3 C:\xampp\htdocs\trabajoFinal\system\CodeIgniter.php(797): class_exists('\\App\\Controller...', true)
#4 C:\xampp\htdocs\trabajoFinal\system\CodeIgniter.php(406): CodeIgniter\CodeIgniter->startController()
#5 C:\xampp\htdocs\trabajoFinal\system\CodeIgniter.php(326): CodeIgniter\CodeIgniter->handleRequest(NULL, Object(Config\Cache), false)
#6 C:\xampp\htdocs\trabajoFinal\public\index.php(37): CodeIgniter\CodeIgniter->run()
#7 {main}
CRITICAL - 2022-05-09 12:15:13 --> Unclosed '{' on line 6
#0 C:\xampp\htdocs\trabajoFinal\system\Autoloader\Autoloader.php(241): CodeIgniter\Autoloader\Autoloader->includeFile('C:\\xampp\\htdocs...')
#1 C:\xampp\htdocs\trabajoFinal\system\Autoloader\Autoloader.php(219): CodeIgniter\Autoloader\Autoloader->loadInNamespace('App\\Controllers...')
#2 [internal function]: CodeIgniter\Autoloader\Autoloader->loadClass('App\\Controllers...')
#3 C:\xampp\htdocs\trabajoFinal\system\CodeIgniter.php(797): class_exists('\\App\\Controller...', true)
#4 C:\xampp\htdocs\trabajoFinal\system\CodeIgniter.php(406): CodeIgniter\CodeIgniter->startController()
#5 C:\xampp\htdocs\trabajoFinal\system\CodeIgniter.php(326): CodeIgniter\CodeIgniter->handleRequest(NULL, Object(Config\Cache), false)
#6 C:\xampp\htdocs\trabajoFinal\public\index.php(37): CodeIgniter\CodeIgniter->run()
#7 {main}
CRITICAL - 2022-05-09 12:21:07 --> Unclosed '{' on line 6
#0 C:\xampp\htdocs\trabajoFinal\system\Autoloader\Autoloader.php(241): CodeIgniter\Autoloader\Autoloader->includeFile('C:\\xampp\\htdocs...')
#1 C:\xampp\htdocs\trabajoFinal\system\Autoloader\Autoloader.php(219): CodeIgniter\Autoloader\Autoloader->loadInNamespace('App\\Controllers...')
#2 [internal function]: CodeIgniter\Autoloader\Autoloader->loadClass('App\\Controllers...')
#3 C:\xampp\htdocs\trabajoFinal\system\CodeIgniter.php(797): class_exists('\\App\\Controller...', true)
#4 C:\xampp\htdocs\trabajoFinal\system\CodeIgniter.php(406): CodeIgniter\CodeIgniter->startController()
#5 C:\xampp\htdocs\trabajoFinal\system\CodeIgniter.php(326): CodeIgniter\CodeIgniter->handleRequest(NULL, Object(Config\Cache), false)
#6 C:\xampp\htdocs\trabajoFinal\public\index.php(37): CodeIgniter\CodeIgniter->run()
#7 {main}
CRITICAL - 2022-05-09 12:26:56 --> Unclosed '{' on line 6
#0 C:\xampp\htdocs\trabajoFinal\system\Autoloader\Autoloader.php(241): CodeIgniter\Autoloader\Autoloader->includeFile('C:\\xampp\\htdocs...')
#1 C:\xampp\htdocs\trabajoFinal\system\Autoloader\Autoloader.php(219): CodeIgniter\Autoloader\Autoloader->loadInNamespace('App\\Controllers...')
#2 [internal function]: CodeIgniter\Autoloader\Autoloader->loadClass('App\\Controllers...')
#3 C:\xampp\htdocs\trabajoFinal\system\CodeIgniter.php(797): class_exists('\\App\\Controller...', true)
#4 C:\xampp\htdocs\trabajoFinal\system\CodeIgniter.php(406): CodeIgniter\CodeIgniter->startController()
#5 C:\xampp\htdocs\trabajoFinal\system\CodeIgniter.php(326): CodeIgniter\CodeIgniter->handleRequest(NULL, Object(Config\Cache), false)
#6 C:\xampp\htdocs\trabajoFinal\public\index.php(37): CodeIgniter\CodeIgniter->run()
#7 {main}
CRITICAL - 2022-05-09 12:36:16 --> Unclosed '{' on line 6
#0 C:\xampp\htdocs\trabajoFinal\system\Autoloader\Autoloader.php(241): CodeIgniter\Autoloader\Autoloader->includeFile('C:\\xampp\\htdocs...')
#1 C:\xampp\htdocs\trabajoFinal\system\Autoloader\Autoloader.php(219): CodeIgniter\Autoloader\Autoloader->loadInNamespace('App\\Controllers...')
#2 [internal function]: CodeIgniter\Autoloader\Autoloader->loadClass('App\\Controllers...')
#3 C:\xampp\htdocs\trabajoFinal\system\CodeIgniter.php(797): class_exists('\\App\\Controller...', true)
#4 C:\xampp\htdocs\trabajoFinal\system\CodeIgniter.php(406): CodeIgniter\CodeIgniter->startController()
#5 C:\xampp\htdocs\trabajoFinal\system\CodeIgniter.php(326): CodeIgniter\CodeIgniter->handleRequest(NULL, Object(Config\Cache), false)
#6 C:\xampp\htdocs\trabajoFinal\public\index.php(37): CodeIgniter\CodeIgniter->run()
#7 {main}
CRITICAL - 2022-05-09 12:36:25 --> Unclosed '{' on line 6
#0 C:\xampp\htdocs\trabajoFinal\system\Autoloader\Autoloader.php(241): CodeIgniter\Autoloader\Autoloader->includeFile('C:\\xampp\\htdocs...')
#1 C:\xampp\htdocs\trabajoFinal\system\Autoloader\Autoloader.php(219): CodeIgniter\Autoloader\Autoloader->loadInNamespace('App\\Controllers...')
#2 [internal function]: CodeIgniter\Autoloader\Autoloader->loadClass('App\\Controllers...')
#3 C:\xampp\htdocs\trabajoFinal\system\CodeIgniter.php(797): class_exists('\\App\\Controller...', true)
#4 C:\xampp\htdocs\trabajoFinal\system\CodeIgniter.php(406): CodeIgniter\CodeIgniter->startController()
#5 C:\xampp\htdocs\trabajoFinal\system\CodeIgniter.php(326): CodeIgniter\CodeIgniter->handleRequest(NULL, Object(Config\Cache), false)
#6 C:\xampp\htdocs\trabajoFinal\public\index.php(37): CodeIgniter\CodeIgniter->run()
#7 {main}
CRITICAL - 2022-05-09 12:38:10 --> Unclosed '{' on line 6
#0 C:\xampp\htdocs\trabajoFinal\system\Autoloader\Autoloader.php(241): CodeIgniter\Autoloader\Autoloader->includeFile('C:\\xampp\\htdocs...')
#1 C:\xampp\htdocs\trabajoFinal\system\Autoloader\Autoloader.php(219): CodeIgniter\Autoloader\Autoloader->loadInNamespace('App\\Controllers...')
#2 [internal function]: CodeIgniter\Autoloader\Autoloader->loadClass('App\\Controllers...')
#3 C:\xampp\htdocs\trabajoFinal\system\CodeIgniter.php(797): class_exists('\\App\\Controller...', true)
#4 C:\xampp\htdocs\trabajoFinal\system\CodeIgniter.php(406): CodeIgniter\CodeIgniter->startController()
#5 C:\xampp\htdocs\trabajoFinal\system\CodeIgniter.php(326): CodeIgniter\CodeIgniter->handleRequest(NULL, Object(Config\Cache), false)
#6 C:\xampp\htdocs\trabajoFinal\public\index.php(37): CodeIgniter\CodeIgniter->run()
#7 {main}
CRITICAL - 2022-05-09 12:40:39 --> Unclosed '{' on line 6
#0 C:\xampp\htdocs\trabajoFinal\system\Autoloader\Autoloader.php(241): CodeIgniter\Autoloader\Autoloader->includeFile('C:\\xampp\\htdocs...')
#1 C:\xampp\htdocs\trabajoFinal\system\Autoloader\Autoloader.php(219): CodeIgniter\Autoloader\Autoloader->loadInNamespace('App\\Controllers...')
#2 [internal function]: CodeIgniter\Autoloader\Autoloader->loadClass('App\\Controllers...')
#3 C:\xampp\htdocs\trabajoFinal\system\CodeIgniter.php(797): class_exists('\\App\\Controller...', true)
#4 C:\xampp\htdocs\trabajoFinal\system\CodeIgniter.php(406): CodeIgniter\CodeIgniter->startController()
#5 C:\xampp\htdocs\trabajoFinal\system\CodeIgniter.php(326): CodeIgniter\CodeIgniter->handleRequest(NULL, Object(Config\Cache), false)
#6 C:\xampp\htdocs\trabajoFinal\public\index.php(37): CodeIgniter\CodeIgniter->run()
#7 {main}
CRITICAL - 2022-05-09 12:43:03 --> Unclosed '{' on line 6
#0 C:\xampp\htdocs\trabajoFinal\system\Autoloader\Autoloader.php(241): CodeIgniter\Autoloader\Autoloader->includeFile('C:\\xampp\\htdocs...')
#1 C:\xampp\htdocs\trabajoFinal\system\Autoloader\Autoloader.php(219): CodeIgniter\Autoloader\Autoloader->loadInNamespace('App\\Controllers...')
#2 [internal function]: CodeIgniter\Autoloader\Autoloader->loadClass('App\\Controllers...')
#3 C:\xampp\htdocs\trabajoFinal\system\CodeIgniter.php(797): class_exists('\\App\\Controller...', true)
#4 C:\xampp\htdocs\trabajoFinal\system\CodeIgniter.php(406): CodeIgniter\CodeIgniter->startController()
#5 C:\xampp\htdocs\trabajoFinal\system\CodeIgniter.php(326): CodeIgniter\CodeIgniter->handleRequest(NULL, Object(Config\Cache), false)
#6 C:\xampp\htdocs\trabajoFinal\public\index.php(37): CodeIgniter\CodeIgniter->run()
#7 {main}
CRITICAL - 2022-05-09 12:43:15 --> Unclosed '{' on line 6
#0 C:\xampp\htdocs\trabajoFinal\system\Autoloader\Autoloader.php(241): CodeIgniter\Autoloader\Autoloader->includeFile('C:\\xampp\\htdocs...')
#1 C:\xampp\htdocs\trabajoFinal\system\Autoloader\Autoloader.php(219): CodeIgniter\Autoloader\Autoloader->loadInNamespace('App\\Controllers...')
#2 [internal function]: CodeIgniter\Autoloader\Autoloader->loadClass('App\\Controllers...')
#3 C:\xampp\htdocs\trabajoFinal\system\CodeIgniter.php(797): class_exists('\\App\\Controller...', true)
#4 C:\xampp\htdocs\trabajoFinal\system\CodeIgniter.php(406): CodeIgniter\CodeIgniter->startController()
#5 C:\xampp\htdocs\trabajoFinal\system\CodeIgniter.php(326): CodeIgniter\CodeIgniter->handleRequest(NULL, Object(Config\Cache), false)
#6 C:\xampp\htdocs\trabajoFinal\public\index.php(37): CodeIgniter\CodeIgniter->run()
#7 {main}
CRITICAL - 2022-05-09 12:50:52 --> Unclosed '{' on line 6
#0 C:\xampp\htdocs\trabajoFinal\system\Autoloader\Autoloader.php(241): CodeIgniter\Autoloader\Autoloader->includeFile('C:\\xampp\\htdocs...')
#1 C:\xampp\htdocs\trabajoFinal\system\Autoloader\Autoloader.php(219): CodeIgniter\Autoloader\Autoloader->loadInNamespace('App\\Controllers...')
#2 [internal function]: CodeIgniter\Autoloader\Autoloader->loadClass('App\\Controllers...')
#3 C:\xampp\htdocs\trabajoFinal\system\CodeIgniter.php(797): class_exists('\\App\\Controller...', true)
#4 C:\xampp\htdocs\trabajoFinal\system\CodeIgniter.php(406): CodeIgniter\CodeIgniter->startController()
#5 C:\xampp\htdocs\trabajoFinal\system\CodeIgniter.php(326): CodeIgniter\CodeIgniter->handleRequest(NULL, Object(Config\Cache), false)
#6 C:\xampp\htdocs\trabajoFinal\public\index.php(37): CodeIgniter\CodeIgniter->run()
#7 {main}
CRITICAL - 2022-05-09 13:09:17 --> Unclosed '{' on line 6
#0 C:\xampp\htdocs\trabajoFinal\system\Autoloader\Autoloader.php(241): CodeIgniter\Autoloader\Autoloader->includeFile('C:\\xampp\\htdocs...')
#1 C:\xampp\htdocs\trabajoFinal\system\Autoloader\Autoloader.php(219): CodeIgniter\Autoloader\Autoloader->loadInNamespace('App\\Controllers...')
#2 [internal function]: CodeIgniter\Autoloader\Autoloader->loadClass('App\\Controllers...')
#3 C:\xampp\htdocs\trabajoFinal\system\CodeIgniter.php(797): class_exists('\\App\\Controller...', true)
#4 C:\xampp\htdocs\trabajoFinal\system\CodeIgniter.php(406): CodeIgniter\CodeIgniter->startController()
#5 C:\xampp\htdocs\trabajoFinal\system\CodeIgniter.php(326): CodeIgniter\CodeIgniter->handleRequest(NULL, Object(Config\Cache), false)
#6 C:\xampp\htdocs\trabajoFinal\public\index.php(37): CodeIgniter\CodeIgniter->run()
#7 {main}
CRITICAL - 2022-05-09 13:10:39 --> Unclosed '{' on line 6
#0 C:\xampp\htdocs\trabajoFinal\system\Autoloader\Autoloader.php(241): CodeIgniter\Autoloader\Autoloader->includeFile('C:\\xampp\\htdocs...')
#1 C:\xampp\htdocs\trabajoFinal\system\Autoloader\Autoloader.php(219): CodeIgniter\Autoloader\Autoloader->loadInNamespace('App\\Controllers...')
#2 [internal function]: CodeIgniter\Autoloader\Autoloader->loadClass('App\\Controllers...')
#3 C:\xampp\htdocs\trabajoFinal\system\CodeIgniter.php(797): class_exists('\\App\\Controller...', true)
#4 C:\xampp\htdocs\trabajoFinal\system\CodeIgniter.php(406): CodeIgniter\CodeIgniter->startController()
#5 C:\xampp\htdocs\trabajoFinal\system\CodeIgniter.php(326): CodeIgniter\CodeIgniter->handleRequest(NULL, Object(Config\Cache), false)
#6 C:\xampp\htdocs\trabajoFinal\public\index.php(37): CodeIgniter\CodeIgniter->run()
#7 {main}
CRITICAL - 2022-05-09 13:14:32 --> Unclosed '{' on line 6
#0 C:\xampp\htdocs\trabajoFinal\system\Autoloader\Autoloader.php(241): CodeIgniter\Autoloader\Autoloader->includeFile('C:\\xampp\\htdocs...')
#1 C:\xampp\htdocs\trabajoFinal\system\Autoloader\Autoloader.php(219): CodeIgniter\Autoloader\Autoloader->loadInNamespace('App\\Controllers...')
#2 [internal function]: CodeIgniter\Autoloader\Autoloader->loadClass('App\\Controllers...')
#3 C:\xampp\htdocs\trabajoFinal\system\CodeIgniter.php(797): class_exists('\\App\\Controller...', true)
#4 C:\xampp\htdocs\trabajoFinal\system\CodeIgniter.php(406): CodeIgniter\CodeIgniter->startController()
#5 C:\xampp\htdocs\trabajoFinal\system\CodeIgniter.php(326): CodeIgniter\CodeIgniter->handleRequest(NULL, Object(Config\Cache), false)
#6 C:\xampp\htdocs\trabajoFinal\public\index.php(37): CodeIgniter\CodeIgniter->run()
#7 {main}
CRITICAL - 2022-05-09 13:19:07 --> syntax error, unexpected token ";", expecting ")"
#0 C:\xampp\htdocs\trabajoFinal\system\Autoloader\Autoloader.php(241): CodeIgniter\Autoloader\Autoloader->includeFile('C:\\xampp\\htdocs...')
#1 C:\xampp\htdocs\trabajoFinal\system\Autoloader\Autoloader.php(219): CodeIgniter\Autoloader\Autoloader->loadInNamespace('App\\Controllers...')
#2 [internal function]: CodeIgniter\Autoloader\Autoloader->loadClass('App\\Controllers...')
#3 C:\xampp\htdocs\trabajoFinal\system\CodeIgniter.php(797): class_exists('\\App\\Controller...', true)
#4 C:\xampp\htdocs\trabajoFinal\system\CodeIgniter.php(406): CodeIgniter\CodeIgniter->startController()
#5 C:\xampp\htdocs\trabajoFinal\system\CodeIgniter.php(326): CodeIgniter\CodeIgniter->handleRequest(NULL, Object(Config\Cache), false)
#6 C:\xampp\htdocs\trabajoFinal\public\index.php(37): CodeIgniter\CodeIgniter->run()
#7 {main}
CRITICAL - 2022-05-09 13:24:36 --> Unclosed '{' on line 6
#0 C:\xampp\htdocs\trabajoFinal\system\Autoloader\Autoloader.php(241): CodeIgniter\Autoloader\Autoloader->includeFile('C:\\xampp\\htdocs...')
#1 C:\xampp\htdocs\trabajoFinal\system\Autoloader\Autoloader.php(219): CodeIgniter\Autoloader\Autoloader->loadInNamespace('App\\Controllers...')
#2 [internal function]: CodeIgniter\Autoloader\Autoloader->loadClass('App\\Controllers...')
#3 C:\xampp\htdocs\trabajoFinal\system\CodeIgniter.php(797): class_exists('\\App\\Controller...', true)
#4 C:\xampp\htdocs\trabajoFinal\system\CodeIgniter.php(406): CodeIgniter\CodeIgniter->startController()
#5 C:\xampp\htdocs\trabajoFinal\system\CodeIgniter.php(326): CodeIgniter\CodeIgniter->handleRequest(NULL, Object(Config\Cache), false)
#6 C:\xampp\htdocs\trabajoFinal\public\index.php(37): CodeIgniter\CodeIgniter->run()
#7 {main}
CRITICAL - 2022-05-09 13:25:48 --> Unclosed '{' on line 6
#0 C:\xampp\htdocs\trabajoFinal\system\Autoloader\Autoloader.php(241): CodeIgniter\Autoloader\Autoloader->includeFile('C:\\xampp\\htdocs...')
#1 C:\xampp\htdocs\trabajoFinal\system\Autoloader\Autoloader.php(219): CodeIgniter\Autoloader\Autoloader->loadInNamespace('App\\Controllers...')
#2 [internal function]: CodeIgniter\Autoloader\Autoloader->loadClass('App\\Controllers...')
#3 C:\xampp\htdocs\trabajoFinal\system\CodeIgniter.php(797): class_exists('\\App\\Controller...', true)
#4 C:\xampp\htdocs\trabajoFinal\system\CodeIgniter.php(406): CodeIgniter\CodeIgniter->startController()
#5 C:\xampp\htdocs\trabajoFinal\system\CodeIgniter.php(326): CodeIgniter\CodeIgniter->handleRequest(NULL, Object(Config\Cache), false)
#6 C:\xampp\htdocs\trabajoFinal\public\index.php(37): CodeIgniter\CodeIgniter->run()
#7 {main}
CRITICAL - 2022-05-09 13:27:10 --> Unclosed '{' on line 6
#0 C:\xampp\htdocs\trabajoFinal\system\Autoloader\Autoloader.php(241): CodeIgniter\Autoloader\Autoloader->includeFile('C:\\xampp\\htdocs...')
#1 C:\xampp\htdocs\trabajoFinal\system\Autoloader\Autoloader.php(219): CodeIgniter\Autoloader\Autoloader->loadInNamespace('App\\Controllers...')
#2 [internal function]: CodeIgniter\Autoloader\Autoloader->loadClass('App\\Controllers...')
#3 C:\xampp\htdocs\trabajoFinal\system\CodeIgniter.php(797): class_exists('\\App\\Controller...', true)
#4 C:\xampp\htdocs\trabajoFinal\system\CodeIgniter.php(406): CodeIgniter\CodeIgniter->startController()
#5 C:\xampp\htdocs\trabajoFinal\system\CodeIgniter.php(326): CodeIgniter\CodeIgniter->handleRequest(NULL, Object(Config\Cache), false)
#6 C:\xampp\htdocs\trabajoFinal\public\index.php(37): CodeIgniter\CodeIgniter->run()
#7 {main}
CRITICAL - 2022-05-09 13:28:35 --> Unclosed '{' on line 6
#0 C:\xampp\htdocs\trabajoFinal\system\Autoloader\Autoloader.php(241): CodeIgniter\Autoloader\Autoloader->includeFile('C:\\xampp\\htdocs...')
#1 C:\xampp\htdocs\trabajoFinal\system\Autoloader\Autoloader.php(219): CodeIgniter\Autoloader\Autoloader->loadInNamespace('App\\Controllers...')
#2 [internal function]: CodeIgniter\Autoloader\Autoloader->loadClass('App\\Controllers...')
#3 C:\xampp\htdocs\trabajoFinal\system\CodeIgniter.php(797): class_exists('\\App\\Controller...', true)
#4 C:\xampp\htdocs\trabajoFinal\system\CodeIgniter.php(406): CodeIgniter\CodeIgniter->startController()
#5 C:\xampp\htdocs\trabajoFinal\system\CodeIgniter.php(326): CodeIgniter\CodeIgniter->handleRequest(NULL, Object(Config\Cache), false)
#6 C:\xampp\htdocs\trabajoFinal\public\index.php(37): CodeIgniter\CodeIgniter->run()
#7 {main}
CRITICAL - 2022-05-09 15:14:58 --> Undefined variable $misTipos
#0 C:\xampp\htdocs\trabajoFinal\app\Views\tablas\tiposUsuarios\tiposU.php(35): CodeIgniter\Debug\Exceptions->errorHandler(2, 'Undefined varia...', 'C:\\xampp\\htdocs...', 35)
#1 C:\xampp\htdocs\trabajoFinal\system\View\View.php(210): include('C:\\xampp\\htdocs...')
#2 C:\xampp\htdocs\trabajoFinal\system\View\View.php(213): CodeIgniter\View\View->CodeIgniter\View\{closure}()
#3 C:\xampp\htdocs\trabajoFinal\system\Common.php(1089): CodeIgniter\View\View->render('tablas/tiposUsu...', Array, true)
#4 C:\xampp\htdocs\trabajoFinal\app\Controllers\Tipos.php(11): view('tablas/tiposUsu...')
#5 C:\xampp\htdocs\trabajoFinal\system\CodeIgniter.php(832): App\Controllers\Tipos->cargarTipoU()
#6 C:\xampp\htdocs\trabajoFinal\system\CodeIgniter.php(419): CodeIgniter\CodeIgniter->runController(Object(App\Controllers\Tipos))
#7 C:\xampp\htdocs\trabajoFinal\system\CodeIgniter.php(326): CodeIgniter\CodeIgniter->handleRequest(NULL, Object(Config\Cache), false)
#8 C:\xampp\htdocs\trabajoFinal\public\index.php(37): CodeIgniter\CodeIgniter->run()
#9 {main}
CRITICAL - 2022-05-09 15:22:21 --> Undefined variable $misTipos
#0 C:\xampp\htdocs\trabajoFinal\app\Views\tablas\tiposUsuarios\tiposU.php(25): CodeIgniter\Debug\Exceptions->errorHandler(2, 'Undefined varia...', 'C:\\xampp\\htdocs...', 25)
#1 C:\xampp\htdocs\trabajoFinal\system\View\View.php(210): include('C:\\xampp\\htdocs...')
#2 C:\xampp\htdocs\trabajoFinal\system\View\View.php(213): CodeIgniter\View\View->CodeIgniter\View\{closure}()
#3 C:\xampp\htdocs\trabajoFinal\system\Common.php(1089): CodeIgniter\View\View->render('tablas/tiposUsu...', Array, true)
#4 C:\xampp\htdocs\trabajoFinal\app\Controllers\Tipos.php(11): view('tablas/tiposUsu...')
#5 C:\xampp\htdocs\trabajoFinal\system\CodeIgniter.php(832): App\Controllers\Tipos->cargarTipoU()
#6 C:\xampp\htdocs\trabajoFinal\system\CodeIgniter.php(419): CodeIgniter\CodeIgniter->runController(Object(App\Controllers\Tipos))
#7 C:\xampp\htdocs\trabajoFinal\system\CodeIgniter.php(326): CodeIgniter\CodeIgniter->handleRequest(NULL, Object(Config\Cache), false)
#8 C:\xampp\htdocs\trabajoFinal\public\index.php(37): CodeIgniter\CodeIgniter->run()
#9 {main}
CRITICAL - 2022-05-09 15:24:58 --> Undefined array key "tipousuario_id "
#0 C:\xampp\htdocs\trabajoFinal\app\Views\tablas\tiposUsuarios\tiposU.php(33): CodeIgniter\Debug\Exceptions->errorHandler(2, 'Undefined array...', 'C:\\xampp\\htdocs...', 33)
#1 C:\xampp\htdocs\trabajoFinal\system\View\View.php(210): include('C:\\xampp\\htdocs...')
#2 C:\xampp\htdocs\trabajoFinal\system\View\View.php(213): CodeIgniter\View\View->CodeIgniter\View\{closure}()
#3 C:\xampp\htdocs\trabajoFinal\system\Common.php(1089): CodeIgniter\View\View->render('tablas/tiposUsu...', Array, true)
#4 C:\xampp\htdocs\trabajoFinal\app\Controllers\Tipos.php(11): view('tablas/tiposUsu...', Array)
#5 C:\xampp\htdocs\trabajoFinal\system\CodeIgniter.php(832): App\Controllers\Tipos->cargarTipoU()
#6 C:\xampp\htdocs\trabajoFinal\system\CodeIgniter.php(419): CodeIgniter\CodeIgniter->runController(Object(App\Controllers\Tipos))
#7 C:\xampp\htdocs\trabajoFinal\system\CodeIgniter.php(326): CodeIgniter\CodeIgniter->handleRequest(NULL, Object(Config\Cache), false)
#8 C:\xampp\htdocs\trabajoFinal\public\index.php(37): CodeIgniter\CodeIgniter->run()
#9 {main}
CRITICAL - 2022-05-09 15:27:05 --> Undefined array key "tipousuario_id "
#0 C:\xampp\htdocs\trabajoFinal\app\Views\tablas\tiposUsuarios\tiposU.php(33): CodeIgniter\Debug\Exceptions->errorHandler(2, 'Undefined array...', 'C:\\xampp\\htdocs...', 33)
#1 C:\xampp\htdocs\trabajoFinal\system\View\View.php(210): include('C:\\xampp\\htdocs...')
#2 C:\xampp\htdocs\trabajoFinal\system\View\View.php(213): CodeIgniter\View\View->CodeIgniter\View\{closure}()
#3 C:\xampp\htdocs\trabajoFinal\system\Common.php(1089): CodeIgniter\View\View->render('tablas/tiposUsu...', Array, true)
#4 C:\xampp\htdocs\trabajoFinal\app\Controllers\Tipos.php(11): view('tablas/tiposUsu...', Array)
#5 C:\xampp\htdocs\trabajoFinal\system\CodeIgniter.php(832): App\Controllers\Tipos->cargarTipoU()
#6 C:\xampp\htdocs\trabajoFinal\system\CodeIgniter.php(419): CodeIgniter\CodeIgniter->runController(Object(App\Controllers\Tipos))
#7 C:\xampp\htdocs\trabajoFinal\system\CodeIgniter.php(326): CodeIgniter\CodeIgniter->handleRequest(NULL, Object(Config\Cache), false)
#8 C:\xampp\htdocs\trabajoFinal\public\index.php(37): CodeIgniter\CodeIgniter->run()
#9 {main}
CRITICAL - 2022-05-09 15:39:22 --> Undefined array key "tipousuario_id "
#0 C:\xampp\htdocs\trabajoFinal\app\Views\tablas\tiposUsuarios\tiposU.php(33): CodeIgniter\Debug\Exceptions->errorHandler(2, 'Undefined array...', 'C:\\xampp\\htdocs...', 33)
#1 C:\xampp\htdocs\trabajoFinal\system\View\View.php(210): include('C:\\xampp\\htdocs...')
#2 C:\xampp\htdocs\trabajoFinal\system\View\View.php(213): CodeIgniter\View\View->CodeIgniter\View\{closure}()
#3 C:\xampp\htdocs\trabajoFinal\system\Common.php(1089): CodeIgniter\View\View->render('tablas/tiposUsu...', Array, true)
#4 C:\xampp\htdocs\trabajoFinal\app\Controllers\Tipos.php(11): view('tablas/tiposUsu...', Array)
#5 C:\xampp\htdocs\trabajoFinal\system\CodeIgniter.php(832): App\Controllers\Tipos->cargarTipoU()
#6 C:\xampp\htdocs\trabajoFinal\system\CodeIgniter.php(419): CodeIgniter\CodeIgniter->runController(Object(App\Controllers\Tipos))
#7 C:\xampp\htdocs\trabajoFinal\system\CodeIgniter.php(326): CodeIgniter\CodeIgniter->handleRequest(NULL, Object(Config\Cache), false)
#8 C:\xampp\htdocs\trabajoFinal\public\index.php(37): CodeIgniter\CodeIgniter->run()
#9 {main}
CRITICAL - 2022-05-09 15:42:37 --> Undefined array key "tipousuario_id "
#0 C:\xampp\htdocs\trabajoFinal\app\Views\tablas\tiposUsuarios\tiposU.php(33): CodeIgniter\Debug\Exceptions->errorHandler(2, 'Undefined array...', 'C:\\xampp\\htdocs...', 33)
#1 C:\xampp\htdocs\trabajoFinal\system\View\View.php(210): include('C:\\xampp\\htdocs...')
#2 C:\xampp\htdocs\trabajoFinal\system\View\View.php(213): CodeIgniter\View\View->CodeIgniter\View\{closure}()
#3 C:\xampp\htdocs\trabajoFinal\system\Common.php(1089): CodeIgniter\View\View->render('tablas/tiposUsu...', Array, true)
#4 C:\xampp\htdocs\trabajoFinal\app\Controllers\Tipos.php(11): view('tablas/tiposUsu...', Array)
#5 C:\xampp\htdocs\trabajoFinal\system\CodeIgniter.php(832): App\Controllers\Tipos->cargarTipoU()
#6 C:\xampp\htdocs\trabajoFinal\system\CodeIgniter.php(419): CodeIgniter\CodeIgniter->runController(Object(App\Controllers\Tipos))
#7 C:\xampp\htdocs\trabajoFinal\system\CodeIgniter.php(326): CodeIgniter\CodeIgniter->handleRequest(NULL, Object(Config\Cache), false)
#8 C:\xampp\htdocs\trabajoFinal\public\index.php(37): CodeIgniter\CodeIgniter->run()
#9 {main}
CRITICAL - 2022-05-09 16:10:56 --> Invalid file: tablas/usuarios/formActualizarTipo.php
#0 C:\xampp\htdocs\trabajoFinal\system\View\View.php(198): CodeIgniter\Exceptions\FrameworkException::forInvalidFile('tablas/usuarios...')
#1 C:\xampp\htdocs\trabajoFinal\system\Common.php(1089): CodeIgniter\View\View->render('tablas/usuarios...', Array, true)
#2 C:\xampp\htdocs\trabajoFinal\app\Controllers\Tipos.php(36): view('tablas/usuarios...', Array)
#3 C:\xampp\htdocs\trabajoFinal\system\CodeIgniter.php(832): App\Controllers\Tipos->formularioActualizarTipo('4')
#4 C:\xampp\htdocs\trabajoFinal\system\CodeIgniter.php(419): CodeIgniter\CodeIgniter->runController(Object(App\Controllers\Tipos))
#5 C:\xampp\htdocs\trabajoFinal\system\CodeIgniter.php(326): CodeIgniter\CodeIgniter->handleRequest(NULL, Object(Config\Cache), false)
#6 C:\xampp\htdocs\trabajoFinal\public\index.php(37): CodeIgniter\CodeIgniter->run()
#7 {main}
CRITICAL - 2022-05-09 16:12:56 --> Undefined variable $id
#0 C:\xampp\htdocs\trabajoFinal\app\Views\tablas\tiposUsuarios\tiposU.php(47): CodeIgniter\Debug\Exceptions->errorHandler(2, 'Undefined varia...', 'C:\\xampp\\htdocs...', 47)
#1 C:\xampp\htdocs\trabajoFinal\system\View\View.php(210): include('C:\\xampp\\htdocs...')
#2 C:\xampp\htdocs\trabajoFinal\system\View\View.php(213): CodeIgniter\View\View->CodeIgniter\View\{closure}()
#3 C:\xampp\htdocs\trabajoFinal\system\Common.php(1089): CodeIgniter\View\View->render('tablas/tiposUsu...', Array, true)
#4 C:\xampp\htdocs\trabajoFinal\app\Controllers\Tipos.php(11): view('tablas/tiposUsu...', Array)
#5 C:\xampp\htdocs\trabajoFinal\system\CodeIgniter.php(832): App\Controllers\Tipos->cargarTipoU()
#6 C:\xampp\htdocs\trabajoFinal\system\CodeIgniter.php(419): CodeIgniter\CodeIgniter->runController(Object(App\Controllers\Tipos))
#7 C:\xampp\htdocs\trabajoFinal\system\CodeIgniter.php(326): CodeIgniter\CodeIgniter->handleRequest(NULL, Object(Config\Cache), false)
#8 C:\xampp\htdocs\trabajoFinal\public\index.php(37): CodeIgniter\CodeIgniter->run()
#9 {main}
CRITICAL - 2022-05-09 16:12:59 --> Undefined variable $id
#0 C:\xampp\htdocs\trabajoFinal\app\Views\tablas\tiposUsuarios\tiposU.php(47): CodeIgniter\Debug\Exceptions->errorHandler(2, 'Undefined varia...', 'C:\\xampp\\htdocs...', 47)
#1 C:\xampp\htdocs\trabajoFinal\system\View\View.php(210): include('C:\\xampp\\htdocs...')
#2 C:\xampp\htdocs\trabajoFinal\system\View\View.php(213): CodeIgniter\View\View->CodeIgniter\View\{closure}()
#3 C:\xampp\htdocs\trabajoFinal\system\Common.php(1089): CodeIgniter\View\View->render('tablas/tiposUsu...', Array, true)
#4 C:\xampp\htdocs\trabajoFinal\app\Controllers\Tipos.php(11): view('tablas/tiposUsu...', Array)
#5 C:\xampp\htdocs\trabajoFinal\system\CodeIgniter.php(832): App\Controllers\Tipos->cargarTipoU()
#6 C:\xampp\htdocs\trabajoFinal\system\CodeIgniter.php(419): CodeIgniter\CodeIgniter->runController(Object(App\Controllers\Tipos))
#7 C:\xampp\htdocs\trabajoFinal\system\CodeIgniter.php(326): CodeIgniter\CodeIgniter->handleRequest(NULL, Object(Config\Cache), false)
#8 C:\xampp\htdocs\trabajoFinal\public\index.php(37): CodeIgniter\CodeIgniter->run()
#9 {main}
CRITICAL - 2022-05-09 16:15:53 --> Invalid file: tablas/usuarios/formActualizarTipo.php
#0 C:\xampp\htdocs\trabajoFinal\system\View\View.php(198): CodeIgniter\Exceptions\FrameworkException::forInvalidFile('tablas/usuarios...')
#1 C:\xampp\htdocs\trabajoFinal\system\Common.php(1089): CodeIgniter\View\View->render('tablas/usuarios...', Array, true)
#2 C:\xampp\htdocs\trabajoFinal\app\Controllers\Tipos.php(36): view('tablas/usuarios...', Array)
#3 C:\xampp\htdocs\trabajoFinal\system\CodeIgniter.php(832): App\Controllers\Tipos->formularioActualizarTipo('4')
#4 C:\xampp\htdocs\trabajoFinal\system\CodeIgniter.php(419): CodeIgniter\CodeIgniter->runController(Object(App\Controllers\Tipos))
#5 C:\xampp\htdocs\trabajoFinal\system\CodeIgniter.php(326): CodeIgniter\CodeIgniter->handleRequest(NULL, Object(Config\Cache), false)
#6 C:\xampp\htdocs\trabajoFinal\public\index.php(37): CodeIgniter\CodeIgniter->run()
#7 {main}
CRITICAL - 2022-05-09 16:17:14 --> Invalid file: tablas/usuarios/formActualizarTipo.php
#0 C:\xampp\htdocs\trabajoFinal\system\View\View.php(198): CodeIgniter\Exceptions\FrameworkException::forInvalidFile('tablas/usuarios...')
#1 C:\xampp\htdocs\trabajoFinal\system\Common.php(1089): CodeIgniter\View\View->render('tablas/usuarios...', Array, true)
#2 C:\xampp\htdocs\trabajoFinal\app\Controllers\Tipos.php(36): view('tablas/usuarios...', Array)
#3 C:\xampp\htdocs\trabajoFinal\system\CodeIgniter.php(832): App\Controllers\Tipos->formularioActualizarTipo('4')
#4 C:\xampp\htdocs\trabajoFinal\system\CodeIgniter.php(419): CodeIgniter\CodeIgniter->runController(Object(App\Controllers\Tipos))
#5 C:\xampp\htdocs\trabajoFinal\system\CodeIgniter.php(326): CodeIgniter\CodeIgniter->handleRequest(NULL, Object(Config\Cache), false)
#6 C:\xampp\htdocs\trabajoFinal\public\index.php(37): CodeIgniter\CodeIgniter->run()
#7 {main}
CRITICAL - 2022-05-09 16:21:03 --> Invalid file: tablas/usuarios/formActualizarTipo.php
#0 C:\xampp\htdocs\trabajoFinal\system\View\View.php(198): CodeIgniter\Exceptions\FrameworkException::forInvalidFile('tablas/usuarios...')
#1 C:\xampp\htdocs\trabajoFinal\system\Common.php(1089): CodeIgniter\View\View->render('tablas/usuarios...', Array, true)
#2 C:\xampp\htdocs\trabajoFinal\app\Controllers\Tipos.php(36): view('tablas/usuarios...', Array)
#3 C:\xampp\htdocs\trabajoFinal\system\CodeIgniter.php(832): App\Controllers\Tipos->formularioActualizarTipo('4')
#4 C:\xampp\htdocs\trabajoFinal\system\CodeIgniter.php(419): CodeIgniter\CodeIgniter->runController(Object(App\Controllers\Tipos))
#5 C:\xampp\htdocs\trabajoFinal\system\CodeIgniter.php(326): CodeIgniter\CodeIgniter->handleRequest(NULL, Object(Config\Cache), false)
#6 C:\xampp\htdocs\trabajoFinal\public\index.php(37): CodeIgniter\CodeIgniter->run()
#7 {main}
CRITICAL - 2022-05-09 16:21:59 --> Invalid file: tablas/usuarios/formActualizarTipo.php
#0 C:\xampp\htdocs\trabajoFinal\system\View\View.php(198): CodeIgniter\Exceptions\FrameworkException::forInvalidFile('tablas/usuarios...')
#1 C:\xampp\htdocs\trabajoFinal\system\Common.php(1089): CodeIgniter\View\View->render('tablas/usuarios...', Array, true)
#2 C:\xampp\htdocs\trabajoFinal\app\Controllers\Tipos.php(36): view('tablas/usuarios...', Array)
#3 C:\xampp\htdocs\trabajoFinal\system\CodeIgniter.php(832): App\Controllers\Tipos->formularioActualizarTipo('4')
#4 C:\xampp\htdocs\trabajoFinal\system\CodeIgniter.php(419): CodeIgniter\CodeIgniter->runController(Object(App\Controllers\Tipos))
#5 C:\xampp\htdocs\trabajoFinal\system\CodeIgniter.php(326): CodeIgniter\CodeIgniter->handleRequest(NULL, Object(Config\Cache), false)
#6 C:\xampp\htdocs\trabajoFinal\public\index.php(37): CodeIgniter\CodeIgniter->run()
#7 {main}
CRITICAL - 2022-05-09 16:22:31 --> Invalid file: tablas/usuarios/formActualizarTipo.php
#0 C:\xampp\htdocs\trabajoFinal\system\View\View.php(198): CodeIgniter\Exceptions\FrameworkException::forInvalidFile('tablas/usuarios...')
#1 C:\xampp\htdocs\trabajoFinal\system\Common.php(1089): CodeIgniter\View\View->render('tablas/usuarios...', Array, true)
#2 C:\xampp\htdocs\trabajoFinal\app\Controllers\Tipos.php(36): view('tablas/usuarios...', Array)
#3 C:\xampp\htdocs\trabajoFinal\system\CodeIgniter.php(832): App\Controllers\Tipos->formularioActualizarTipo('4')
#4 C:\xampp\htdocs\trabajoFinal\system\CodeIgniter.php(419): CodeIgniter\CodeIgniter->runController(Object(App\Controllers\Tipos))
#5 C:\xampp\htdocs\trabajoFinal\system\CodeIgniter.php(326): CodeIgniter\CodeIgniter->handleRequest(NULL, Object(Config\Cache), false)
#6 C:\xampp\htdocs\trabajoFinal\public\index.php(37): CodeIgniter\CodeIgniter->run()
#7 {main}
CRITICAL - 2022-05-09 16:26:27 --> Invalid file: tablas/usuarios/formActualizarTipo.php
#0 C:\xampp\htdocs\trabajoFinal\system\View\View.php(198): CodeIgniter\Exceptions\FrameworkException::forInvalidFile('tablas/usuarios...')
#1 C:\xampp\htdocs\trabajoFinal\system\Common.php(1089): CodeIgniter\View\View->render('tablas/usuarios...', Array, true)
#2 C:\xampp\htdocs\trabajoFinal\app\Controllers\Tipos.php(36): view('tablas/usuarios...', Array)
#3 C:\xampp\htdocs\trabajoFinal\system\CodeIgniter.php(832): App\Controllers\Tipos->formularioActualizarTipo('4')
#4 C:\xampp\htdocs\trabajoFinal\system\CodeIgniter.php(419): CodeIgniter\CodeIgniter->runController(Object(App\Controllers\Tipos))
#5 C:\xampp\htdocs\trabajoFinal\system\CodeIgniter.php(326): CodeIgniter\CodeIgniter->handleRequest(NULL, Object(Config\Cache), false)
#6 C:\xampp\htdocs\trabajoFinal\public\index.php(37): CodeIgniter\CodeIgniter->run()
#7 {main}
CRITICAL - 2022-05-09 16:32:23 --> Unclosed '{' on line 6
#0 C:\xampp\htdocs\trabajoFinal\system\Autoloader\Autoloader.php(241): CodeIgniter\Autoloader\Autoloader->includeFile('C:\\xampp\\htdocs...')
#1 C:\xampp\htdocs\trabajoFinal\system\Autoloader\Autoloader.php(219): CodeIgniter\Autoloader\Autoloader->loadInNamespace('App\\Controllers...')
#2 [internal function]: CodeIgniter\Autoloader\Autoloader->loadClass('App\\Controllers...')
#3 C:\xampp\htdocs\trabajoFinal\system\CodeIgniter.php(797): class_exists('\\App\\Controller...', true)
#4 C:\xampp\htdocs\trabajoFinal\system\CodeIgniter.php(406): CodeIgniter\CodeIgniter->startController()
#5 C:\xampp\htdocs\trabajoFinal\system\CodeIgniter.php(326): CodeIgniter\CodeIgniter->handleRequest(NULL, Object(Config\Cache), false)
#6 C:\xampp\htdocs\trabajoFinal\public\index.php(37): CodeIgniter\CodeIgniter->run()
#7 {main}
CRITICAL - 2022-05-09 16:32:46 --> Unclosed '{' on line 6
#0 C:\xampp\htdocs\trabajoFinal\system\Autoloader\Autoloader.php(241): CodeIgniter\Autoloader\Autoloader->includeFile('C:\\xampp\\htdocs...')
#1 C:\xampp\htdocs\trabajoFinal\system\Autoloader\Autoloader.php(219): CodeIgniter\Autoloader\Autoloader->loadInNamespace('App\\Controllers...')
#2 [internal function]: CodeIgniter\Autoloader\Autoloader->loadClass('App\\Controllers...')
#3 C:\xampp\htdocs\trabajoFinal\system\CodeIgniter.php(797): class_exists('\\App\\Controller...', true)
#4 C:\xampp\htdocs\trabajoFinal\system\CodeIgniter.php(406): CodeIgniter\CodeIgniter->startController()
#5 C:\xampp\htdocs\trabajoFinal\system\CodeIgniter.php(326): CodeIgniter\CodeIgniter->handleRequest(NULL, Object(Config\Cache), false)
#6 C:\xampp\htdocs\trabajoFinal\public\index.php(37): CodeIgniter\CodeIgniter->run()
#7 {main}
CRITICAL - 2022-05-09 16:33:39 --> Invalid file: tablas/usuarios/formActualizarTipo.php
#0 C:\xampp\htdocs\trabajoFinal\system\View\View.php(198): CodeIgniter\Exceptions\FrameworkException::forInvalidFile('tablas/usuarios...')
#1 C:\xampp\htdocs\trabajoFinal\system\Common.php(1089): CodeIgniter\View\View->render('tablas/usuarios...', Array, true)
#2 C:\xampp\htdocs\trabajoFinal\app\Controllers\Tipos.php(36): view('tablas/usuarios...', Array)
#3 C:\xampp\htdocs\trabajoFinal\system\CodeIgniter.php(832): App\Controllers\Tipos->formularioActualizarTipo('3')
#4 C:\xampp\htdocs\trabajoFinal\system\CodeIgniter.php(419): CodeIgniter\CodeIgniter->runController(Object(App\Controllers\Tipos))
#5 C:\xampp\htdocs\trabajoFinal\system\CodeIgniter.php(326): CodeIgniter\CodeIgniter->handleRequest(NULL, Object(Config\Cache), false)
#6 C:\xampp\htdocs\trabajoFinal\public\index.php(37): CodeIgniter\CodeIgniter->run()
#7 {main}
ERROR - 2022-05-09 16:34:13 --> Duplicate entry '4' for key 'PRIMARY'
CRITICAL - 2022-05-09 16:34:15 --> Invalid file: tablas/usuarios/formActualizarTipo.php
#0 C:\xampp\htdocs\trabajoFinal\system\View\View.php(198): CodeIgniter\Exceptions\FrameworkException::forInvalidFile('tablas/usuarios...')
#1 C:\xampp\htdocs\trabajoFinal\system\Common.php(1089): CodeIgniter\View\View->render('tablas/usuarios...', Array, true)
#2 C:\xampp\htdocs\trabajoFinal\app\Controllers\Tipos.php(36): view('tablas/usuarios...', Array)
#3 C:\xampp\htdocs\trabajoFinal\system\CodeIgniter.php(832): App\Controllers\Tipos->formularioActualizarTipo('4')
#4 C:\xampp\htdocs\trabajoFinal\system\CodeIgniter.php(419): CodeIgniter\CodeIgniter->runController(Object(App\Controllers\Tipos))
#5 C:\xampp\htdocs\trabajoFinal\system\CodeIgniter.php(326): CodeIgniter\CodeIgniter->handleRequest(NULL, Object(Config\Cache), false)
#6 C:\xampp\htdocs\trabajoFinal\public\index.php(37): CodeIgniter\CodeIgniter->run()
#7 {main}
ERROR - 2022-05-09 16:34:17 --> Duplicate entry '4' for key 'PRIMARY'
ERROR - 2022-05-09 16:35:04 --> Duplicate entry '4' for key 'PRIMARY'
ERROR - 2022-05-09 16:38:10 --> Duplicate entry '4' for key 'PRIMARY'
CRITICAL - 2022-05-09 16:38:19 --> There is no data to update.
#0 C:\xampp\htdocs\trabajoFinal\system\BaseModel.php(1574): CodeIgniter\Database\Exceptions\DataException::forEmptyDataset('update')
#1 C:\xampp\htdocs\trabajoFinal\system\BaseModel.php(832): CodeIgniter\BaseModel->transformDataToArray(NULL, 'update')
#2 C:\xampp\htdocs\trabajoFinal\system\Model.php(651): CodeIgniter\BaseModel->update(Array, NULL)
#3 C:\xampp\htdocs\trabajoFinal\app\Controllers\Tipos.php(49): CodeIgniter\Model->update(Array)
#4 C:\xampp\htdocs\trabajoFinal\system\CodeIgniter.php(832): App\Controllers\Tipos->actualizarTipo()
#5 C:\xampp\htdocs\trabajoFinal\system\CodeIgniter.php(419): CodeIgniter\CodeIgniter->runController(Object(App\Controllers\Tipos))
#6 C:\xampp\htdocs\trabajoFinal\system\CodeIgniter.php(326): CodeIgniter\CodeIgniter->handleRequest(NULL, Object(Config\Cache), false)
#7 C:\xampp\htdocs\trabajoFinal\public\index.php(37): CodeIgniter\CodeIgniter->run()
#8 {main}
CRITICAL - 2022-05-09 16:56:29 --> syntax error, unexpected end of file
#0 C:\xampp\htdocs\trabajoFinal\system\CodeIgniter.php(368): CodeIgniter\CodeIgniter->tryToRouteIt(NULL)
#1 C:\xampp\htdocs\trabajoFinal\system\CodeIgniter.php(326): CodeIgniter\CodeIgniter->handleRequest(NULL, Object(Config\Cache), false)
#2 C:\xampp\htdocs\trabajoFinal\public\index.php(37): CodeIgniter\CodeIgniter->run()
#3 {main}
CRITICAL - 2022-05-09 16:56:43 --> syntax error, unexpected end of file
#0 C:\xampp\htdocs\trabajoFinal\system\CodeIgniter.php(368): CodeIgniter\CodeIgniter->tryToRouteIt(NULL)
#1 C:\xampp\htdocs\trabajoFinal\system\CodeIgniter.php(326): CodeIgniter\CodeIgniter->handleRequest(NULL, Object(Config\Cache), false)
#2 C:\xampp\htdocs\trabajoFinal\public\index.php(37): CodeIgniter\CodeIgniter->run()
#3 {main}
CRITICAL - 2022-05-09 16:56:45 --> syntax error, unexpected end of file
#0 C:\xampp\htdocs\trabajoFinal\system\CodeIgniter.php(368): CodeIgniter\CodeIgniter->tryToRouteIt(NULL)
#1 C:\xampp\htdocs\trabajoFinal\system\CodeIgniter.php(326): CodeIgniter\CodeIgniter->handleRequest(NULL, Object(Config\Cache), false)
#2 C:\xampp\htdocs\trabajoFinal\public\index.php(37): CodeIgniter\CodeIgniter->run()
#3 {main}
CRITICAL - 2022-05-09 16:56:45 --> syntax error, unexpected end of file
#0 C:\xampp\htdocs\trabajoFinal\system\CodeIgniter.php(368): CodeIgniter\CodeIgniter->tryToRouteIt(NULL)
#1 C:\xampp\htdocs\trabajoFinal\system\CodeIgniter.php(326): CodeIgniter\CodeIgniter->handleRequest(NULL, Object(Config\Cache), false)
#2 C:\xampp\htdocs\trabajoFinal\public\index.php(37): CodeIgniter\CodeIgniter->run()
#3 {main}
CRITICAL - 2022-05-09 16:56:50 --> syntax error, unexpected end of file
#0 C:\xampp\htdocs\trabajoFinal\system\CodeIgniter.php(368): CodeIgniter\CodeIgniter->tryToRouteIt(NULL)
#1 C:\xampp\htdocs\trabajoFinal\system\CodeIgniter.php(326): CodeIgniter\CodeIgniter->handleRequest(NULL, Object(Config\Cache), false)
#2 C:\xampp\htdocs\trabajoFinal\public\index.php(37): CodeIgniter\CodeIgniter->run()
#3 {main}
CRITICAL - 2022-05-09 16:56:55 --> syntax error, unexpected end of file
#0 C:\xampp\htdocs\trabajoFinal\system\CodeIgniter.php(368): CodeIgniter\CodeIgniter->tryToRouteIt(NULL)
#1 C:\xampp\htdocs\trabajoFinal\system\CodeIgniter.php(326): CodeIgniter\CodeIgniter->handleRequest(NULL, Object(Config\Cache), false)
#2 C:\xampp\htdocs\trabajoFinal\public\index.php(37): CodeIgniter\CodeIgniter->run()
#3 {main}
CRITICAL - 2022-05-09 16:57:16 --> syntax error, unexpected end of file
#0 C:\xampp\htdocs\trabajoFinal\system\CodeIgniter.php(368): CodeIgniter\CodeIgniter->tryToRouteIt(NULL)
#1 C:\xampp\htdocs\trabajoFinal\system\CodeIgniter.php(326): CodeIgniter\CodeIgniter->handleRequest(NULL, Object(Config\Cache), false)
#2 C:\xampp\htdocs\trabajoFinal\public\index.php(37): CodeIgniter\CodeIgniter->run()
#3 {main}
CRITICAL - 2022-05-09 17:03:41 --> Trying to access array offset on value of type null
#0 C:\xampp\htdocs\trabajoFinal\app\Views\tablas\tiposUsuarios\formActualizarTipo.php(16): CodeIgniter\Debug\Exceptions->errorHandler(2, 'Trying to acces...', 'C:\\xampp\\htdocs...', 16)
#1 C:\xampp\htdocs\trabajoFinal\system\View\View.php(210): include('C:\\xampp\\htdocs...')
#2 C:\xampp\htdocs\trabajoFinal\system\View\View.php(213): CodeIgniter\View\View->CodeIgniter\View\{closure}()
#3 C:\xampp\htdocs\trabajoFinal\system\Common.php(1089): CodeIgniter\View\View->render('tablas/tiposUsu...', Array, true)
#4 C:\xampp\htdocs\trabajoFinal\app\Controllers\Tipos.php(36): view('tablas/tiposUsu...', Array)
#5 C:\xampp\htdocs\trabajoFinal\system\CodeIgniter.php(832): App\Controllers\Tipos->formularioActualizarTipo('9')
#6 C:\xampp\htdocs\trabajoFinal\system\CodeIgniter.php(419): CodeIgniter\CodeIgniter->runController(Object(App\Controllers\Tipos))
#7 C:\xampp\htdocs\trabajoFinal\system\CodeIgniter.php(326): CodeIgniter\CodeIgniter->handleRequest(NULL, Object(Config\Cache), false)
#8 C:\xampp\htdocs\trabajoFinal\public\index.php(37): CodeIgniter\CodeIgniter->run()
#9 {main}
CRITICAL - 2022-05-09 17:08:17 --> Undefined variable $tipo
#0 C:\xampp\htdocs\trabajoFinal\app\Controllers\Regiones.php(29): CodeIgniter\Debug\Exceptions->errorHandler(2, 'Undefined varia...', 'C:\\xampp\\htdocs...', 29)
#1 C:\xampp\htdocs\trabajoFinal\system\CodeIgniter.php(832): App\Controllers\Regiones->agregarRegion()
#2 C:\xampp\htdocs\trabajoFinal\system\CodeIgniter.php(419): CodeIgniter\CodeIgniter->runController(Object(App\Controllers\Regiones))
#3 C:\xampp\htdocs\trabajoFinal\system\CodeIgniter.php(326): CodeIgniter\CodeIgniter->handleRequest(NULL, Object(Config\Cache), false)
#4 C:\xampp\htdocs\trabajoFinal\public\index.php(37): CodeIgniter\CodeIgniter->run()
#5 {main}
CRITICAL - 2022-05-09 17:09:47 --> Undefined variable $tipo
#0 C:\xampp\htdocs\trabajoFinal\app\Controllers\Regiones.php(29): CodeIgniter\Debug\Exceptions->errorHandler(2, 'Undefined varia...', 'C:\\xampp\\htdocs...', 29)
#1 C:\xampp\htdocs\trabajoFinal\system\CodeIgniter.php(832): App\Controllers\Regiones->agregarRegion()
#2 C:\xampp\htdocs\trabajoFinal\system\CodeIgniter.php(419): CodeIgniter\CodeIgniter->runController(Object(App\Controllers\Regiones))
#3 C:\xampp\htdocs\trabajoFinal\system\CodeIgniter.php(326): CodeIgniter\CodeIgniter->handleRequest(NULL, Object(Config\Cache), false)
#4 C:\xampp\htdocs\trabajoFinal\public\index.php(37): CodeIgniter\CodeIgniter->run()
#5 {main}
ERROR - 2022-05-09 17:11:10 --> Duplicate entry '2' for key 'PRIMARY'
ERROR - 2022-05-09 17:13:43 --> Duplicate entry '2' for key 'PRIMARY'
CRITICAL - 2022-05-09 17:20:48 --> syntax error, unexpected single-quoted string "Regiones::actualizarRegion", expecting ")"
#0 C:\xampp\htdocs\trabajoFinal\system\CodeIgniter.php(368): CodeIgniter\CodeIgniter->tryToRouteIt(NULL)
#1 C:\xampp\htdocs\trabajoFinal\system\CodeIgniter.php(326): CodeIgniter\CodeIgniter->handleRequest(NULL, Object(Config\Cache), false)
#2 C:\xampp\htdocs\trabajoFinal\public\index.php(37): CodeIgniter\CodeIgniter->run()
#3 {main}
CRITICAL - 2022-05-09 17:20:57 --> syntax error, unexpected single-quoted string "Regiones::actualizarRegion", expecting ")"
#0 C:\xampp\htdocs\trabajoFinal\system\CodeIgniter.php(368): CodeIgniter\CodeIgniter->tryToRouteIt(NULL)
#1 C:\xampp\htdocs\trabajoFinal\system\CodeIgniter.php(326): CodeIgniter\CodeIgniter->handleRequest(NULL, Object(Config\Cache), false)
#2 C:\xampp\htdocs\trabajoFinal\public\index.php(37): CodeIgniter\CodeIgniter->run()
#3 {main}
ERROR - 2022-05-09 17:53:09 --> Duplicate entry '3' for key 'PRIMARY'
ERROR - 2022-05-09 18:01:18 --> Duplicate entry '2' for key 'PRIMARY'
ERROR - 2022-05-09 18:01:56 --> Duplicate entry '13' for key 'PRIMARY'
ERROR - 2022-05-09 18:02:06 --> Duplicate entry '13' for key 'PRIMARY'
ERROR - 2022-05-09 18:10:56 --> Duplicate entry '13' for key 'PRIMARY'
CRITICAL - 2022-05-09 18:11:06 --> CodeIgniter\Model::insert(): Argument #2 ($returnID) must be of type bool, array given, called in C:\xampp\htdocs\trabajoFinal\app\Controllers\Departamentos.php on line 48
#0 C:\xampp\htdocs\trabajoFinal\app\Controllers\Departamentos.php(48): CodeIgniter\Model->insert('1', Array)
#1 C:\xampp\htdocs\trabajoFinal\system\CodeIgniter.php(832): App\Controllers\Departamentos->actualizarDepartamento()
#2 C:\xampp\htdocs\trabajoFinal\system\CodeIgniter.php(419): CodeIgniter\CodeIgniter->runController(Object(App\Controllers\Departamentos))
#3 C:\xampp\htdocs\trabajoFinal\system\CodeIgniter.php(326): CodeIgniter\CodeIgniter->handleRequest(NULL, Object(Config\Cache), false)
#4 C:\xampp\htdocs\trabajoFinal\public\index.php(37): CodeIgniter\CodeIgniter->run()
#5 {main}
CRITICAL - 2022-05-09 18:16:36 --> Class "App\Controllers\TipoU" not found
#0 C:\xampp\htdocs\trabajoFinal\system\CodeIgniter.php(832): App\Controllers\Departamentos->eliminarDepartamento()
#1 C:\xampp\htdocs\trabajoFinal\system\CodeIgniter.php(419): CodeIgniter\CodeIgniter->runController(Object(App\Controllers\Departamentos))
#2 C:\xampp\htdocs\trabajoFinal\system\CodeIgniter.php(326): CodeIgniter\CodeIgniter->handleRequest(NULL, Object(Config\Cache), false)
#3 C:\xampp\htdocs\trabajoFinal\public\index.php(37): CodeIgniter\CodeIgniter->run()
#4 {main}
ERROR - 2022-05-09 18:43:57 --> Duplicate entry '300' for key 'PRIMARY'
CRITICAL - 2022-05-09 19:28:08 --> Undefined variable $misDepartamentos
#0 C:\xampp\htdocs\trabajoFinal\app\Views\tablas\ciudadano\ciudadanos.php(35): CodeIgniter\Debug\Exceptions->errorHandler(2, 'Undefined varia...', 'C:\\xampp\\htdocs...', 35)
#1 C:\xampp\htdocs\trabajoFinal\system\View\View.php(210): include('C:\\xampp\\htdocs...')
#2 C:\xampp\htdocs\trabajoFinal\system\View\View.php(213): CodeIgniter\View\View->CodeIgniter\View\{closure}()
#3 C:\xampp\htdocs\trabajoFinal\system\Common.php(1089): CodeIgniter\View\View->render('tablas/ciudadan...', Array, true)
#4 C:\xampp\htdocs\trabajoFinal\app\Controllers\Ciudadanos.php(15): view('tablas/ciudadan...', Array)
#5 C:\xampp\htdocs\trabajoFinal\system\CodeIgniter.php(832): App\Controllers\Ciudadanos->cargarCiudadanos()
#6 C:\xampp\htdocs\trabajoFinal\system\CodeIgniter.php(419): CodeIgniter\CodeIgniter->runController(Object(App\Controllers\Ciudadanos))
#7 C:\xampp\htdocs\trabajoFinal\system\CodeIgniter.php(326): CodeIgniter\CodeIgniter->handleRequest(NULL, Object(Config\Cache), false)
#8 C:\xampp\htdocs\trabajoFinal\public\index.php(37): CodeIgniter\CodeIgniter->run()
#9 {main}
CRITICAL - 2022-05-09 19:32:48 --> Undefined variable $misCudadanos
#0 C:\xampp\htdocs\trabajoFinal\app\Views\tablas\ciudadano\ciudadanos.php(42): CodeIgniter\Debug\Exceptions->errorHandler(2, 'Undefined varia...', 'C:\\xampp\\htdocs...', 42)
#1 C:\xampp\htdocs\trabajoFinal\system\View\View.php(210): include('C:\\xampp\\htdocs...')
#2 C:\xampp\htdocs\trabajoFinal\system\View\View.php(213): CodeIgniter\View\View->CodeIgniter\View\{closure}()
#3 C:\xampp\htdocs\trabajoFinal\system\Common.php(1089): CodeIgniter\View\View->render('tablas/ciudadan...', Array, true)
#4 C:\xampp\htdocs\trabajoFinal\app\Controllers\Ciudadanos.php(15): view('tablas/ciudadan...', Array)
#5 C:\xampp\htdocs\trabajoFinal\system\CodeIgniter.php(832): App\Controllers\Ciudadanos->cargarCiudadanos()
#6 C:\xampp\htdocs\trabajoFinal\system\CodeIgniter.php(419): CodeIgniter\CodeIgniter->runController(Object(App\Controllers\Ciudadanos))
#7 C:\xampp\htdocs\trabajoFinal\system\CodeIgniter.php(326): CodeIgniter\CodeIgniter->handleRequest(NULL, Object(Config\Cache), false)
#8 C:\xampp\htdocs\trabajoFinal\public\index.php(37): CodeIgniter\CodeIgniter->run()
#9 {main}
CRITICAL - 2022-05-09 19:33:09 --> Undefined variable $misCudadanos
#0 C:\xampp\htdocs\trabajoFinal\app\Views\tablas\ciudadano\ciudadanos.php(42): CodeIgniter\Debug\Exceptions->errorHandler(2, 'Undefined varia...', 'C:\\xampp\\htdocs...', 42)
#1 C:\xampp\htdocs\trabajoFinal\system\View\View.php(210): include('C:\\xampp\\htdocs...')
#2 C:\xampp\htdocs\trabajoFinal\system\View\View.php(213): CodeIgniter\View\View->CodeIgniter\View\{closure}()
#3 C:\xampp\htdocs\trabajoFinal\system\Common.php(1089): CodeIgniter\View\View->render('tablas/ciudadan...', Array, true)
#4 C:\xampp\htdocs\trabajoFinal\app\Controllers\Ciudadanos.php(15): view('tablas/ciudadan...', Array)
#5 C:\xampp\htdocs\trabajoFinal\system\CodeIgniter.php(832): App\Controllers\Ciudadanos->cargarCiudadanos()
#6 C:\xampp\htdocs\trabajoFinal\system\CodeIgniter.php(419): CodeIgniter\CodeIgniter->runController(Object(App\Controllers\Ciudadanos))
#7 C:\xampp\htdocs\trabajoFinal\system\CodeIgniter.php(326): CodeIgniter\CodeIgniter->handleRequest(NULL, Object(Config\Cache), false)
#8 C:\xampp\htdocs\trabajoFinal\public\index.php(37): CodeIgniter\CodeIgniter->run()
#9 {main}
CRITICAL - 2022-05-09 20:02:50 --> Invalid file: menu/operador.php
#0 C:\xampp\htdocs\trabajoFinal\system\View\View.php(198): CodeIgniter\Exceptions\FrameworkException::forInvalidFile('menu/operador.p...')
#1 C:\xampp\htdocs\trabajoFinal\system\Common.php(1089): CodeIgniter\View\View->render('menu/operador', Array, true)
#2 C:\xampp\htdocs\trabajoFinal\app\Controllers\Ciudadanos.php(9): view('menu/operador')
#3 C:\xampp\htdocs\trabajoFinal\system\CodeIgniter.php(832): App\Controllers\Ciudadanos->menuOperador()
#4 C:\xampp\htdocs\trabajoFinal\system\CodeIgniter.php(419): CodeIgniter\CodeIgniter->runController(Object(App\Controllers\Ciudadanos))
#5 C:\xampp\htdocs\trabajoFinal\system\CodeIgniter.php(326): CodeIgniter\CodeIgniter->handleRequest(NULL, Object(Config\Cache), false)
#6 C:\xampp\htdocs\trabajoFinal\public\index.php(37): CodeIgniter\CodeIgniter->run()
#7 {main}
CRITICAL - 2022-05-09 23:01:37 --> Undefined variable $tipo
#0 C:\xampp\htdocs\trabajoFinal\app\Controllers\Ciudadanos.php(94): CodeIgniter\Debug\Exceptions->errorHandler(2, 'Undefined varia...', 'C:\\xampp\\htdocs...', 94)
#1 C:\xampp\htdocs\trabajoFinal\system\CodeIgniter.php(832): App\Controllers\Ciudadanos->eliminarCiudadano('1049006560414')
#2 C:\xampp\htdocs\trabajoFinal\system\CodeIgniter.php(419): CodeIgniter\CodeIgniter->runController(Object(App\Controllers\Ciudadanos))
#3 C:\xampp\htdocs\trabajoFinal\system\CodeIgniter.php(326): CodeIgniter\CodeIgniter->handleRequest(NULL, Object(Config\Cache), false)
#4 C:\xampp\htdocs\trabajoFinal\public\index.php(37): CodeIgniter\CodeIgniter->run()
#5 {main}
