CRITICAL - 2022-05-07 09:33:12 --> Undefined array key "password = md5"
#0 C:\xampp\htdocs\trabajoFinal\app\Views\tablas\usuarios\usuarios.php(45): CodeIgniter\Debug\Exceptions->errorHandler(2, 'Undefined array...', 'C:\\xampp\\htdocs...', 45)
#1 C:\xampp\htdocs\trabajoFinal\system\View\View.php(210): include('C:\\xampp\\htdocs...')
#2 C:\xampp\htdocs\trabajoFinal\system\View\View.php(213): CodeIgniter\View\View->CodeIgniter\View\{closure}()
#3 C:\xampp\htdocs\trabajoFinal\system\Common.php(1089): CodeIgniter\View\View->render('tablas/usuarios...', Array, true)
#4 C:\xampp\htdocs\trabajoFinal\app\Controllers\Usuarios.php(42): view('tablas/usuarios...', Array)
#5 C:\xampp\htdocs\trabajoFinal\system\CodeIgniter.php(832): App\Controllers\Usuarios->cargarUsuarios()
#6 C:\xampp\htdocs\trabajoFinal\system\CodeIgniter.php(419): CodeIgniter\CodeIgniter->runController(Object(App\Controllers\Usuarios))
#7 C:\xampp\htdocs\trabajoFinal\system\CodeIgniter.php(326): CodeIgniter\CodeIgniter->handleRequest(NULL, Object(Config\Cache), false)
#8 C:\xampp\htdocs\trabajoFinal\public\index.php(37): CodeIgniter\CodeIgniter->run()
#9 {main}
CRITICAL - 2022-05-07 22:28:26 --> Undefined variable $misUsuarios
#0 C:\xampp\htdocs\trabajoFinal\app\Views\tablas\usuarios\usuarios.php(35): CodeIgniter\Debug\Exceptions->errorHandler(2, 'Undefined varia...', 'C:\\xampp\\htdocs...', 35)
#1 C:\xampp\htdocs\trabajoFinal\system\View\View.php(210): include('C:\\xampp\\htdocs...')
#2 C:\xampp\htdocs\trabajoFinal\system\View\View.php(213): CodeIgniter\View\View->CodeIgniter\View\{closure}()
#3 C:\xampp\htdocs\trabajoFinal\system\Common.php(1089): CodeIgniter\View\View->render('tablas/usuarios...', Array, true)
#4 C:\xampp\htdocs\trabajoFinal\app\Controllers\Usuarios.php(74): view('tablas/usuarios...')
#5 C:\xampp\htdocs\trabajoFinal\system\CodeIgniter.php(832): App\Controllers\Usuarios->agregarUsuario()
#6 C:\xampp\htdocs\trabajoFinal\system\CodeIgniter.php(419): CodeIgniter\CodeIgniter->runController(Object(App\Controllers\Usuarios))
#7 C:\xampp\htdocs\trabajoFinal\system\CodeIgniter.php(326): CodeIgniter\CodeIgniter->handleRequest(NULL, Object(Config\Cache), false)
#8 C:\xampp\htdocs\trabajoFinal\public\index.php(37): CodeIgniter\CodeIgniter->run()
#9 {main}
CRITICAL - 2022-05-07 22:39:29 --> Undefined variable $misUsuarios
#0 C:\xampp\htdocs\trabajoFinal\app\Views\tablas\usuarios\usuarios.php(35): CodeIgniter\Debug\Exceptions->errorHandler(2, 'Undefined varia...', 'C:\\xampp\\htdocs...', 35)
#1 C:\xampp\htdocs\trabajoFinal\system\View\View.php(210): include('C:\\xampp\\htdocs...')
#2 C:\xampp\htdocs\trabajoFinal\system\View\View.php(213): CodeIgniter\View\View->CodeIgniter\View\{closure}()
#3 C:\xampp\htdocs\trabajoFinal\system\Common.php(1089): CodeIgniter\View\View->render('tablas/usuarios...', Array, true)
#4 C:\xampp\htdocs\trabajoFinal\app\Controllers\Usuarios.php(74): view('tablas/usuarios...')
#5 C:\xampp\htdocs\trabajoFinal\system\CodeIgniter.php(832): App\Controllers\Usuarios->agregarUsuario()
#6 C:\xampp\htdocs\trabajoFinal\system\CodeIgniter.php(419): CodeIgniter\CodeIgniter->runController(Object(App\Controllers\Usuarios))
#7 C:\xampp\htdocs\trabajoFinal\system\CodeIgniter.php(326): CodeIgniter\CodeIgniter->handleRequest(NULL, Object(Config\Cache), false)
#8 C:\xampp\htdocs\trabajoFinal\public\index.php(37): CodeIgniter\CodeIgniter->run()
#9 {main}
