CRITICAL - 2022-05-06 21:02:53 --> Undefined array key "password = md5"
#0 C:\xampp\htdocs\trabajoFinal\app\Views\tablas\usuarios\usuarios.php(45): CodeIgniter\Debug\Exceptions->errorHandler(2, 'Undefined array...', 'C:\\xampp\\htdocs...', 45)
#1 C:\xampp\htdocs\trabajoFinal\system\View\View.php(210): include('C:\\xampp\\htdocs...')
#2 C:\xampp\htdocs\trabajoFinal\system\View\View.php(213): CodeIgniter\View\View->CodeIgniter\View\{closure}()
#3 C:\xampp\htdocs\trabajoFinal\system\Common.php(1089): CodeIgniter\View\View->render('tablas/usuarios...', Array, true)
#4 C:\xampp\htdocs\trabajoFinal\app\Controllers\Usuarios.php(42): view('tablas/usuarios...', Array)
#5 C:\xampp\htdocs\trabajoFinal\system\CodeIgniter.php(832): App\Controllers\Usuarios->cargarUsuarios()
#6 C:\xampp\htdocs\trabajoFinal\system\CodeIgniter.php(419): CodeIgniter\CodeIgniter->runController(Object(App\Controllers\Usuarios))
#7 C:\xampp\htdocs\trabajoFinal\system\CodeIgniter.php(326): CodeIgniter\CodeIgniter->handleRequest(NULL, Object(Config\Cache), false)
#8 C:\xampp\htdocs\trabajoFinal\public\index.php(37): CodeIgniter\CodeIgniter->run()
#9 {main}
CRITICAL - 2022-05-06 21:03:05 --> Undefined array key "password = md5"
#0 C:\xampp\htdocs\trabajoFinal\app\Views\tablas\usuarios\usuarios.php(45): CodeIgniter\Debug\Exceptions->errorHandler(2, 'Undefined array...', 'C:\\xampp\\htdocs...', 45)
#1 C:\xampp\htdocs\trabajoFinal\system\View\View.php(210): include('C:\\xampp\\htdocs...')
#2 C:\xampp\htdocs\trabajoFinal\system\View\View.php(213): CodeIgniter\View\View->CodeIgniter\View\{closure}()
#3 C:\xampp\htdocs\trabajoFinal\system\Common.php(1089): CodeIgniter\View\View->render('tablas/usuarios...', Array, true)
#4 C:\xampp\htdocs\trabajoFinal\app\Controllers\Usuarios.php(42): view('tablas/usuarios...', Array)
#5 C:\xampp\htdocs\trabajoFinal\system\CodeIgniter.php(832): App\Controllers\Usuarios->cargarUsuarios()
#6 C:\xampp\htdocs\trabajoFinal\system\CodeIgniter.php(419): CodeIgniter\CodeIgniter->runController(Object(App\Controllers\Usuarios))
#7 C:\xampp\htdocs\trabajoFinal\system\CodeIgniter.php(326): CodeIgniter\CodeIgniter->handleRequest(NULL, Object(Config\Cache), false)
#8 C:\xampp\htdocs\trabajoFinal\public\index.php(37): CodeIgniter\CodeIgniter->run()
#9 {main}
CRITICAL - 2022-05-06 21:03:32 --> Undefined array key "password = md5"
#0 C:\xampp\htdocs\trabajoFinal\app\Views\tablas\usuarios\usuarios.php(45): CodeIgniter\Debug\Exceptions->errorHandler(2, 'Undefined array...', 'C:\\xampp\\htdocs...', 45)
#1 C:\xampp\htdocs\trabajoFinal\system\View\View.php(210): include('C:\\xampp\\htdocs...')
#2 C:\xampp\htdocs\trabajoFinal\system\View\View.php(213): CodeIgniter\View\View->CodeIgniter\View\{closure}()
#3 C:\xampp\htdocs\trabajoFinal\system\Common.php(1089): CodeIgniter\View\View->render('tablas/usuarios...', Array, true)
#4 C:\xampp\htdocs\trabajoFinal\app\Controllers\Usuarios.php(42): view('tablas/usuarios...', Array)
#5 C:\xampp\htdocs\trabajoFinal\system\CodeIgniter.php(832): App\Controllers\Usuarios->cargarUsuarios()
#6 C:\xampp\htdocs\trabajoFinal\system\CodeIgniter.php(419): CodeIgniter\CodeIgniter->runController(Object(App\Controllers\Usuarios))
#7 C:\xampp\htdocs\trabajoFinal\system\CodeIgniter.php(326): CodeIgniter\CodeIgniter->handleRequest(NULL, Object(Config\Cache), false)
#8 C:\xampp\htdocs\trabajoFinal\public\index.php(37): CodeIgniter\CodeIgniter->run()
#9 {main}
CRITICAL - 2022-05-06 21:04:46 --> Undefined array key "password = md5"
#0 C:\xampp\htdocs\trabajoFinal\app\Views\tablas\usuarios\usuarios.php(45): CodeIgniter\Debug\Exceptions->errorHandler(2, 'Undefined array...', 'C:\\xampp\\htdocs...', 45)
#1 C:\xampp\htdocs\trabajoFinal\system\View\View.php(210): include('C:\\xampp\\htdocs...')
#2 C:\xampp\htdocs\trabajoFinal\system\View\View.php(213): CodeIgniter\View\View->CodeIgniter\View\{closure}()
#3 C:\xampp\htdocs\trabajoFinal\system\Common.php(1089): CodeIgniter\View\View->render('tablas/usuarios...', Array, true)
#4 C:\xampp\htdocs\trabajoFinal\app\Controllers\Usuarios.php(42): view('tablas/usuarios...', Array)
#5 C:\xampp\htdocs\trabajoFinal\system\CodeIgniter.php(832): App\Controllers\Usuarios->cargarUsuarios()
#6 C:\xampp\htdocs\trabajoFinal\system\CodeIgniter.php(419): CodeIgniter\CodeIgniter->runController(Object(App\Controllers\Usuarios))
#7 C:\xampp\htdocs\trabajoFinal\system\CodeIgniter.php(326): CodeIgniter\CodeIgniter->handleRequest(NULL, Object(Config\Cache), false)
#8 C:\xampp\htdocs\trabajoFinal\public\index.php(37): CodeIgniter\CodeIgniter->run()
#9 {main}
CRITICAL - 2022-05-06 21:06:11 --> Undefined variable $misUsuarios
#0 C:\xampp\htdocs\trabajoFinal\app\Views\tablas\usuarios\usuarios.php(35): CodeIgniter\Debug\Exceptions->errorHandler(2, 'Undefined varia...', 'C:\\xampp\\htdocs...', 35)
#1 C:\xampp\htdocs\trabajoFinal\system\View\View.php(210): include('C:\\xampp\\htdocs...')
#2 C:\xampp\htdocs\trabajoFinal\system\View\View.php(213): CodeIgniter\View\View->CodeIgniter\View\{closure}()
#3 C:\xampp\htdocs\trabajoFinal\system\Common.php(1089): CodeIgniter\View\View->render('tablas/usuarios...', Array, true)
#4 C:\xampp\htdocs\trabajoFinal\app\Controllers\Usuarios.php(43): view('tablas/usuarios...')
#5 C:\xampp\htdocs\trabajoFinal\system\CodeIgniter.php(832): App\Controllers\Usuarios->cargarUsuarios()
#6 C:\xampp\htdocs\trabajoFinal\system\CodeIgniter.php(419): CodeIgniter\CodeIgniter->runController(Object(App\Controllers\Usuarios))
#7 C:\xampp\htdocs\trabajoFinal\system\CodeIgniter.php(326): CodeIgniter\CodeIgniter->handleRequest(NULL, Object(Config\Cache), false)
#8 C:\xampp\htdocs\trabajoFinal\public\index.php(37): CodeIgniter\CodeIgniter->run()
#9 {main}
CRITICAL - 2022-05-06 21:06:38 --> Undefined variable $misUsuarios
#0 C:\xampp\htdocs\trabajoFinal\app\Views\tablas\usuarios\usuarios.php(35): CodeIgniter\Debug\Exceptions->errorHandler(2, 'Undefined varia...', 'C:\\xampp\\htdocs...', 35)
#1 C:\xampp\htdocs\trabajoFinal\system\View\View.php(210): include('C:\\xampp\\htdocs...')
#2 C:\xampp\htdocs\trabajoFinal\system\View\View.php(213): CodeIgniter\View\View->CodeIgniter\View\{closure}()
#3 C:\xampp\htdocs\trabajoFinal\system\Common.php(1089): CodeIgniter\View\View->render('tablas/usuarios...', Array, true)
#4 C:\xampp\htdocs\trabajoFinal\app\Controllers\Usuarios.php(43): view('tablas/usuarios...')
#5 C:\xampp\htdocs\trabajoFinal\system\CodeIgniter.php(832): App\Controllers\Usuarios->cargarUsuarios()
#6 C:\xampp\htdocs\trabajoFinal\system\CodeIgniter.php(419): CodeIgniter\CodeIgniter->runController(Object(App\Controllers\Usuarios))
#7 C:\xampp\htdocs\trabajoFinal\system\CodeIgniter.php(326): CodeIgniter\CodeIgniter->handleRequest(NULL, Object(Config\Cache), false)
#8 C:\xampp\htdocs\trabajoFinal\public\index.php(37): CodeIgniter\CodeIgniter->run()
#9 {main}
CRITICAL - 2022-05-06 21:06:58 --> Undefined variable $misUsuarios
#0 C:\xampp\htdocs\trabajoFinal\app\Views\tablas\usuarios\usuarios.php(35): CodeIgniter\Debug\Exceptions->errorHandler(2, 'Undefined varia...', 'C:\\xampp\\htdocs...', 35)
#1 C:\xampp\htdocs\trabajoFinal\system\View\View.php(210): include('C:\\xampp\\htdocs...')
#2 C:\xampp\htdocs\trabajoFinal\system\View\View.php(213): CodeIgniter\View\View->CodeIgniter\View\{closure}()
#3 C:\xampp\htdocs\trabajoFinal\system\Common.php(1089): CodeIgniter\View\View->render('tablas/usuarios...', Array, true)
#4 C:\xampp\htdocs\trabajoFinal\app\Controllers\Usuarios.php(43): view('tablas/usuarios...')
#5 C:\xampp\htdocs\trabajoFinal\system\CodeIgniter.php(832): App\Controllers\Usuarios->cargarUsuarios()
#6 C:\xampp\htdocs\trabajoFinal\system\CodeIgniter.php(419): CodeIgniter\CodeIgniter->runController(Object(App\Controllers\Usuarios))
#7 C:\xampp\htdocs\trabajoFinal\system\CodeIgniter.php(326): CodeIgniter\CodeIgniter->handleRequest(NULL, Object(Config\Cache), false)
#8 C:\xampp\htdocs\trabajoFinal\public\index.php(37): CodeIgniter\CodeIgniter->run()
#9 {main}
CRITICAL - 2022-05-06 21:07:06 --> Undefined variable $misUsuarios
#0 C:\xampp\htdocs\trabajoFinal\app\Views\tablas\usuarios\usuarios.php(35): CodeIgniter\Debug\Exceptions->errorHandler(2, 'Undefined varia...', 'C:\\xampp\\htdocs...', 35)
#1 C:\xampp\htdocs\trabajoFinal\system\View\View.php(210): include('C:\\xampp\\htdocs...')
#2 C:\xampp\htdocs\trabajoFinal\system\View\View.php(213): CodeIgniter\View\View->CodeIgniter\View\{closure}()
#3 C:\xampp\htdocs\trabajoFinal\system\Common.php(1089): CodeIgniter\View\View->render('tablas/usuarios...', Array, true)
#4 C:\xampp\htdocs\trabajoFinal\app\Controllers\Usuarios.php(43): view('tablas/usuarios...')
#5 C:\xampp\htdocs\trabajoFinal\system\CodeIgniter.php(832): App\Controllers\Usuarios->cargarUsuarios()
#6 C:\xampp\htdocs\trabajoFinal\system\CodeIgniter.php(419): CodeIgniter\CodeIgniter->runController(Object(App\Controllers\Usuarios))
#7 C:\xampp\htdocs\trabajoFinal\system\CodeIgniter.php(326): CodeIgniter\CodeIgniter->handleRequest(NULL, Object(Config\Cache), false)
#8 C:\xampp\htdocs\trabajoFinal\public\index.php(37): CodeIgniter\CodeIgniter->run()
#9 {main}
CRITICAL - 2022-05-06 21:08:26 --> Undefined variable $misUsuarios
#0 C:\xampp\htdocs\trabajoFinal\app\Views\tablas\usuarios\usuarios.php(35): CodeIgniter\Debug\Exceptions->errorHandler(2, 'Undefined varia...', 'C:\\xampp\\htdocs...', 35)
#1 C:\xampp\htdocs\trabajoFinal\system\View\View.php(210): include('C:\\xampp\\htdocs...')
#2 C:\xampp\htdocs\trabajoFinal\system\View\View.php(213): CodeIgniter\View\View->CodeIgniter\View\{closure}()
#3 C:\xampp\htdocs\trabajoFinal\system\Common.php(1089): CodeIgniter\View\View->render('tablas/usuarios...', Array, true)
#4 C:\xampp\htdocs\trabajoFinal\app\Controllers\Usuarios.php(43): view('tablas/usuarios...')
#5 C:\xampp\htdocs\trabajoFinal\system\CodeIgniter.php(832): App\Controllers\Usuarios->cargarUsuarios()
#6 C:\xampp\htdocs\trabajoFinal\system\CodeIgniter.php(419): CodeIgniter\CodeIgniter->runController(Object(App\Controllers\Usuarios))
#7 C:\xampp\htdocs\trabajoFinal\system\CodeIgniter.php(326): CodeIgniter\CodeIgniter->handleRequest(NULL, Object(Config\Cache), false)
#8 C:\xampp\htdocs\trabajoFinal\public\index.php(37): CodeIgniter\CodeIgniter->run()
#9 {main}
CRITICAL - 2022-05-06 21:08:38 --> Undefined variable $misUsuarios
#0 C:\xampp\htdocs\trabajoFinal\app\Views\tablas\usuarios\usuarios.php(35): CodeIgniter\Debug\Exceptions->errorHandler(2, 'Undefined varia...', 'C:\\xampp\\htdocs...', 35)
#1 C:\xampp\htdocs\trabajoFinal\system\View\View.php(210): include('C:\\xampp\\htdocs...')
#2 C:\xampp\htdocs\trabajoFinal\system\View\View.php(213): CodeIgniter\View\View->CodeIgniter\View\{closure}()
#3 C:\xampp\htdocs\trabajoFinal\system\Common.php(1089): CodeIgniter\View\View->render('tablas/usuarios...', Array, true)
#4 C:\xampp\htdocs\trabajoFinal\app\Controllers\Usuarios.php(43): view('tablas/usuarios...')
#5 C:\xampp\htdocs\trabajoFinal\system\CodeIgniter.php(832): App\Controllers\Usuarios->cargarUsuarios()
#6 C:\xampp\htdocs\trabajoFinal\system\CodeIgniter.php(419): CodeIgniter\CodeIgniter->runController(Object(App\Controllers\Usuarios))
#7 C:\xampp\htdocs\trabajoFinal\system\CodeIgniter.php(326): CodeIgniter\CodeIgniter->handleRequest(NULL, Object(Config\Cache), false)
#8 C:\xampp\htdocs\trabajoFinal\public\index.php(37): CodeIgniter\CodeIgniter->run()
#9 {main}
CRITICAL - 2022-05-06 21:09:43 --> Undefined variable $misUsuarios
#0 C:\xampp\htdocs\trabajoFinal\app\Views\tablas\usuarios\usuarios.php(35): CodeIgniter\Debug\Exceptions->errorHandler(2, 'Undefined varia...', 'C:\\xampp\\htdocs...', 35)
#1 C:\xampp\htdocs\trabajoFinal\system\View\View.php(210): include('C:\\xampp\\htdocs...')
#2 C:\xampp\htdocs\trabajoFinal\system\View\View.php(213): CodeIgniter\View\View->CodeIgniter\View\{closure}()
#3 C:\xampp\htdocs\trabajoFinal\system\Common.php(1089): CodeIgniter\View\View->render('tablas/usuarios...', Array, true)
#4 C:\xampp\htdocs\trabajoFinal\app\Controllers\Usuarios.php(43): view('tablas/usuarios...')
#5 C:\xampp\htdocs\trabajoFinal\system\CodeIgniter.php(832): App\Controllers\Usuarios->cargarUsuarios()
#6 C:\xampp\htdocs\trabajoFinal\system\CodeIgniter.php(419): CodeIgniter\CodeIgniter->runController(Object(App\Controllers\Usuarios))
#7 C:\xampp\htdocs\trabajoFinal\system\CodeIgniter.php(326): CodeIgniter\CodeIgniter->handleRequest(NULL, Object(Config\Cache), false)
#8 C:\xampp\htdocs\trabajoFinal\public\index.php(37): CodeIgniter\CodeIgniter->run()
#9 {main}
CRITICAL - 2022-05-06 21:10:54 --> Undefined array key "password = md5"
#0 C:\xampp\htdocs\trabajoFinal\app\Views\tablas\usuarios\usuarios.php(45): CodeIgniter\Debug\Exceptions->errorHandler(2, 'Undefined array...', 'C:\\xampp\\htdocs...', 45)
#1 C:\xampp\htdocs\trabajoFinal\system\View\View.php(210): include('C:\\xampp\\htdocs...')
#2 C:\xampp\htdocs\trabajoFinal\system\View\View.php(213): CodeIgniter\View\View->CodeIgniter\View\{closure}()
#3 C:\xampp\htdocs\trabajoFinal\system\Common.php(1089): CodeIgniter\View\View->render('tablas/usuarios...', Array, true)
#4 C:\xampp\htdocs\trabajoFinal\app\Controllers\Usuarios.php(42): view('tablas/usuarios...', Array)
#5 C:\xampp\htdocs\trabajoFinal\system\CodeIgniter.php(832): App\Controllers\Usuarios->cargarUsuarios()
#6 C:\xampp\htdocs\trabajoFinal\system\CodeIgniter.php(419): CodeIgniter\CodeIgniter->runController(Object(App\Controllers\Usuarios))
#7 C:\xampp\htdocs\trabajoFinal\system\CodeIgniter.php(326): CodeIgniter\CodeIgniter->handleRequest(NULL, Object(Config\Cache), false)
#8 C:\xampp\htdocs\trabajoFinal\public\index.php(37): CodeIgniter\CodeIgniter->run()
#9 {main}
CRITICAL - 2022-05-06 21:12:17 --> Undefined array key "password = md5"
#0 C:\xampp\htdocs\trabajoFinal\app\Views\tablas\usuarios\usuarios.php(45): CodeIgniter\Debug\Exceptions->errorHandler(2, 'Undefined array...', 'C:\\xampp\\htdocs...', 45)
#1 C:\xampp\htdocs\trabajoFinal\system\View\View.php(210): include('C:\\xampp\\htdocs...')
#2 C:\xampp\htdocs\trabajoFinal\system\View\View.php(213): CodeIgniter\View\View->CodeIgniter\View\{closure}()
#3 C:\xampp\htdocs\trabajoFinal\system\Common.php(1089): CodeIgniter\View\View->render('tablas/usuarios...', Array, true)
#4 C:\xampp\htdocs\trabajoFinal\app\Controllers\Usuarios.php(42): view('tablas/usuarios...', Array)
#5 C:\xampp\htdocs\trabajoFinal\system\CodeIgniter.php(832): App\Controllers\Usuarios->cargarUsuarios()
#6 C:\xampp\htdocs\trabajoFinal\system\CodeIgniter.php(419): CodeIgniter\CodeIgniter->runController(Object(App\Controllers\Usuarios))
#7 C:\xampp\htdocs\trabajoFinal\system\CodeIgniter.php(326): CodeIgniter\CodeIgniter->handleRequest(NULL, Object(Config\Cache), false)
#8 C:\xampp\htdocs\trabajoFinal\public\index.php(37): CodeIgniter\CodeIgniter->run()
#9 {main}
CRITICAL - 2022-05-06 21:14:13 --> Undefined array key "password = md5"
#0 C:\xampp\htdocs\trabajoFinal\app\Views\tablas\usuarios\usuarios.php(45): CodeIgniter\Debug\Exceptions->errorHandler(2, 'Undefined array...', 'C:\\xampp\\htdocs...', 45)
#1 C:\xampp\htdocs\trabajoFinal\system\View\View.php(210): include('C:\\xampp\\htdocs...')
#2 C:\xampp\htdocs\trabajoFinal\system\View\View.php(213): CodeIgniter\View\View->CodeIgniter\View\{closure}()
#3 C:\xampp\htdocs\trabajoFinal\system\Common.php(1089): CodeIgniter\View\View->render('tablas/usuarios...', Array, true)
#4 C:\xampp\htdocs\trabajoFinal\app\Controllers\Usuarios.php(42): view('tablas/usuarios...', Array)
#5 C:\xampp\htdocs\trabajoFinal\system\CodeIgniter.php(832): App\Controllers\Usuarios->cargarUsuarios()
#6 C:\xampp\htdocs\trabajoFinal\system\CodeIgniter.php(419): CodeIgniter\CodeIgniter->runController(Object(App\Controllers\Usuarios))
#7 C:\xampp\htdocs\trabajoFinal\system\CodeIgniter.php(326): CodeIgniter\CodeIgniter->handleRequest(NULL, Object(Config\Cache), false)
#8 C:\xampp\htdocs\trabajoFinal\public\index.php(37): CodeIgniter\CodeIgniter->run()
#9 {main}
CRITICAL - 2022-05-06 21:15:28 --> Undefined array key "password = md5"
#0 C:\xampp\htdocs\trabajoFinal\app\Views\tablas\usuarios\usuarios.php(45): CodeIgniter\Debug\Exceptions->errorHandler(2, 'Undefined array...', 'C:\\xampp\\htdocs...', 45)
#1 C:\xampp\htdocs\trabajoFinal\system\View\View.php(210): include('C:\\xampp\\htdocs...')
#2 C:\xampp\htdocs\trabajoFinal\system\View\View.php(213): CodeIgniter\View\View->CodeIgniter\View\{closure}()
#3 C:\xampp\htdocs\trabajoFinal\system\Common.php(1089): CodeIgniter\View\View->render('tablas/usuarios...', Array, true)
#4 C:\xampp\htdocs\trabajoFinal\app\Controllers\Usuarios.php(42): view('tablas/usuarios...', Array)
#5 C:\xampp\htdocs\trabajoFinal\system\CodeIgniter.php(832): App\Controllers\Usuarios->cargarUsuarios()
#6 C:\xampp\htdocs\trabajoFinal\system\CodeIgniter.php(419): CodeIgniter\CodeIgniter->runController(Object(App\Controllers\Usuarios))
#7 C:\xampp\htdocs\trabajoFinal\system\CodeIgniter.php(326): CodeIgniter\CodeIgniter->handleRequest(NULL, Object(Config\Cache), false)
#8 C:\xampp\htdocs\trabajoFinal\public\index.php(37): CodeIgniter\CodeIgniter->run()
#9 {main}
CRITICAL - 2022-05-06 21:17:07 --> Undefined array key "password = md5"
#0 C:\xampp\htdocs\trabajoFinal\app\Views\tablas\usuarios\usuarios.php(45): CodeIgniter\Debug\Exceptions->errorHandler(2, 'Undefined array...', 'C:\\xampp\\htdocs...', 45)
#1 C:\xampp\htdocs\trabajoFinal\system\View\View.php(210): include('C:\\xampp\\htdocs...')
#2 C:\xampp\htdocs\trabajoFinal\system\View\View.php(213): CodeIgniter\View\View->CodeIgniter\View\{closure}()
#3 C:\xampp\htdocs\trabajoFinal\system\Common.php(1089): CodeIgniter\View\View->render('tablas/usuarios...', Array, true)
#4 C:\xampp\htdocs\trabajoFinal\app\Controllers\Usuarios.php(42): view('tablas/usuarios...', Array)
#5 C:\xampp\htdocs\trabajoFinal\system\CodeIgniter.php(832): App\Controllers\Usuarios->cargarUsuarios()
#6 C:\xampp\htdocs\trabajoFinal\system\CodeIgniter.php(419): CodeIgniter\CodeIgniter->runController(Object(App\Controllers\Usuarios))
#7 C:\xampp\htdocs\trabajoFinal\system\CodeIgniter.php(326): CodeIgniter\CodeIgniter->handleRequest(NULL, Object(Config\Cache), false)
#8 C:\xampp\htdocs\trabajoFinal\public\index.php(37): CodeIgniter\CodeIgniter->run()
#9 {main}
